2025-01-23 13:06:20   Defined reference frequency for open boundary condition (425 MHz) is larger
                      than the lowest relevant system frequency (monitor at 400 MHz).
                      Please check the Settings for PML Boundary (Simulation > Settings > Boundary
                      Conditions > Open Boundary) to ensure accurate monitor results for the lowest
                      frequency of interest. More...

                      ------------------------------------------------------------------------------
2025-01-23 13:06:21   The following farfield monitor(s) have been adjusted to model box [-171.758,
                      171.758, -420.928, 837.428, -14.4281, 61.4281]:
                        farfield (f=400), farfield (f=433), farfield (f=450).
                      For further information please check the page "Special Solver Parameters -
                      Solver" in the Online Help.

                      ------------------------------------------------------------------------------
2025-01-23 13:06:21   
                      Solver started at: 2025-01-23 13:06:21 +0700

                        Module:  Time Domain: S-Parameter (Win 64)
                        Version: 2024.0 Release from 2023-09-01 (change 1164796)

2025-01-23 13:06:22   

                      ------------------------------------------------------------------------------
2025-01-23 13:06:22   

                      ------------------------------------------------------------------------------
2025-01-23 13:06:22   ======================================================================
                       Solver cycle: 1
                      ======================================================================

                      Stimulation at discrete port 1 



                      ------------------------------------------------------------------------------
2025-01-23 13:06:22   Units settings: 

                        Dimensions: mm
                        Frequency:  MHz
                        Time:       ns

                      ------------------------------------------------------------------------------
2025-01-23 13:06:22   The dispersive material update [Automatic] will be performed using the "Standard" update schema

                      ------------------------------------------------------------------------------
2025-01-23 13:07:45   The following discrete edge port is connected to metal material:
                      	1

                      ------------------------------------------------------------------------------
2025-01-23 13:07:46   Mesh statistics:

                         Hexahedral mesh type: Perfect Boundary Approximation (PBA)
                            Version: default

                         Parallelization type: domain decomposition
                            Number of parallel working threads: 14
                            Number of calculation domains used: 21

                         Used point accuracy enhancement value: 0.00%.
                         Acceleration mode: CPU
                         PBA fill limit: 92.65% (inverse)
2025-01-23 13:06:28      current system memory usage reached 50%
2025-01-23 13:06:29      current system memory usage reached 50%

2025-01-23 13:07:52   Boundary conditions: 

                        YZsymmetry: none
                        XZsymmetry: none
                        XYsymmetry: none

                        Xmin: expanded open, 4 Layer, depth 168.026 mm
                        Xmax: expanded open, 4 Layer, depth 168.026 mm

                        Ymin: expanded open, 4 Layer, depth 167.735 mm
                        Ymax: expanded open, 4 Layer, depth 167.735 mm

                        Zmin: expanded open, 4 Layer, depth 168.073 mm
                        Zmax: expanded open, 4 Layer, depth 168.073 mm

                        PML-Type: Convolution PML

                      ------------------------------------------------------------------------------
2025-01-23 13:07:52   Frequency settings: 

                        Fmin:         400
                        Fmax:         450
                        Nfsteps(lin): 1001

                      ------------------------------------------------------------------------------
2025-01-23 13:07:53   Field update statistics:

                        Number of components in total: 	3028979
                        Number of lossy metal components:	35224

                      Subcycling state:      			Automatically deactivated

                      ------------------------------------------------------------------------------
2025-01-23 13:07:53   Port: 1

2025-01-23 13:07:53     Discrete element, reference impedance = 50 Ohm

                      ------------------------------------------------------------------------------
2025-01-23 13:14:46   
                      --------------------------------------------------------------------------------
2025-01-23 13:14:46   Steady state energy criterion met, solver finished successfully.

                      ------------------------------------------------------------------------------
2025-01-23 13:14:46   Frequency domain results normalized to default signal.


                      ------------------------------------------------------------------------------
2025-01-23 13:14:46   
                        ----------------------------------------------------------------------------
                                            Peak memory used (kB)         Free physical memory (kB) 
                                                                          At begin     Minimum      
                        ----------------------------------------------------------------------------
                        CAD preparation     15624                         8737272      8737272      
                        Matrices calc.      646504                        7125000      6484375      
                        Solver run total    203856                        8754516      8068680      
                        ----------------------------------------------------------------------------

                      --------------------------------------------------------------------------------
                      Solver Statistics:

                        Hardware:
                           Computer name:                 	HANDY 

                           Number of CPU threads:               8
                           Hardware info:                  	Hardware Accelerator Device not activated

                        Number of mesh cells:             	493506
                        Excitation duration:              	1.42181950e+002 ns 
                        Calculation time for excitation:  	0 	s
                        Number of calculated pulse widths:	1.0018 
                        Steady state accuracy limit:      	-40	dB 
                        Simulated number of time steps:   	33968 
                        Maximum number of time steps:     	678139 
                        Time step width:
                           without subcycles:             	4.193295850e-003 ns
                           used:                          	4.193295850e-003 ns

                        CAD preparation time:             	1      	s
                        Matrix calculation time:          	83 	s
                        Solver setup time:                	11 	s
                        Solver loop time:                 	404 	s
                        Solver post-processing time:      	2 	s
                                                          	------------
                        Total solver time:                	501 	s  ( = 0 h, 8 m, 21 s )

                      ------------------------------------------------------------------------------
2025-01-23 13:14:47   
                        Total solver time (all cycles):      	501    	s  ( = 0 h, 8 m, 21 s )
                        Solver initialization and clean-up:  	4      	s
                                                             	------------
                        Total simulation time:               	505    	s  ( = 0 h, 8 m, 25 s )

                      ------------------------------------------------------------------------------
2025-01-23 13:14:47   Solver finished at: 2025-01-23 13:14:47 +0700



                      ------------------------------------------------------------------------------
2025-01-23 13:14:53   Creating parametric 1D results for Run ID 2

                      ------------------------------------------------------------------------------
