2025-01-23 14:29:45   Defined reference frequency for open boundary condition (425 MHz) is larger
                      than the lowest relevant system frequency (monitor at 400 MHz).
                      Please check the Settings for PML Boundary (Simulation > Settings > Boundary
                      Conditions > Open Boundary) to ensure accurate monitor results for the lowest
                      frequency of interest. More...

                      ------------------------------------------------------------------------------
2025-01-23 14:29:45   The following farfield monitor(s) have been adjusted to model box [-219.163,
                      219.163, -290.928, 817.428, -14.4276, 56.4276]:
                        farfield (f=400), farfield (f=433), farfield (f=450).
                      For further information please check the page "Special Solver Parameters -
                      Solver" in the Online Help.

                      ------------------------------------------------------------------------------
2025-01-23 14:29:45   
                      Solver started at: 2025-01-23 14:29:45 +0700

                        Module:  Time Domain: S-Parameter (Win 64)
                        Version: 2024.0 Release from 2023-09-01 (change 1164796)

2025-01-23 14:29:45   

                      ------------------------------------------------------------------------------
2025-01-23 14:29:45   

                      ------------------------------------------------------------------------------
2025-01-23 14:29:45   ======================================================================
                       Solver cycle: 1
                      ======================================================================

                      Stimulation at discrete port 1 



                      ------------------------------------------------------------------------------
2025-01-23 14:29:45   Units settings: 

                        Dimensions: mm
                        Frequency:  MHz
                        Time:       ns

                      ------------------------------------------------------------------------------
2025-01-23 14:29:45   The dispersive material update [Automatic] will be performed using the "Standard" update schema

                      ------------------------------------------------------------------------------
2025-01-23 14:29:55   Mesh statistics:

                         Hexahedral mesh type: Perfect Boundary Approximation (PBA)
                            Version: default

                         Parallelization type: none

                         Used point accuracy enhancement value: 0.00%.

2025-01-23 14:29:55   
                      --------------------------------------------------------------------------------
2025-01-23 14:29:55   *** Warning ***

2025-01-23 14:29:55   Solver run aborted.

                      ------------------------------------------------------------------------------
2025-01-23 14:29:55   Frequency domain results unnormalized.


                      ------------------------------------------------------------------------------
2025-01-23 14:29:55   
                        ----------------------------------------------------------------------------
                                            Peak memory used (kB)         Free physical memory (kB) 
                                                                          At begin     Minimum      
                        ----------------------------------------------------------------------------
                        Matrices calc.      0                             0            0            
                        Solver run total    27672                         8896628      8374168      
                        ----------------------------------------------------------------------------

                      --------------------------------------------------------------------------------
                      Solver Statistics:

                        Hardware:
                           Computer name:                 	HANDY 

                           Number of CPU threads:               8
                           Hardware info:                  	Hardware Accelerator Device not activated

                        Number of mesh cells:             	565128
                        Excitation duration:              	0.00000000e+000 ns 
                        Calculation time for excitation:  	0 	s
                        Number of calculated pulse widths:	0 
                        Simulated number of time steps:   	0 
                        Maximum number of time steps:     	0 
                        Time step width:
                           without subcycles:             	0.000000000e+000 ns
                           used:                          	0.000000000e+000 ns

                        Matrix calculation time:          	0 	s
                        Solver setup time:                	0 	s
                        Solver loop time:                 	0 	s
                        Solver post-processing time:      	0 	s
                                                          	------------
                        Total solver time:                	0 	s

                      ------------------------------------------------------------------------------
2025-01-23 14:29:55   
                        Total solver time (all cycles):      	0      	s
                        Solver initialization and clean-up:  	10     	s
                                                             	------------
                        Total simulation time:               	10     	s

                      ------------------------------------------------------------------------------
2025-01-23 14:29:55   Solver finished at: 2025-01-23 14:29:55 +0700



                      ------------------------------------------------------------------------------
2025-01-23 14:30:27   Defined reference frequency for open boundary condition (425 MHz) is larger
                      than the lowest relevant system frequency (monitor at 400 MHz).
                      Please check the Settings for PML Boundary (Simulation > Settings > Boundary
                      Conditions > Open Boundary) to ensure accurate monitor results for the lowest
                      frequency of interest. More...

                      ------------------------------------------------------------------------------
2025-01-23 14:30:27   The following farfield monitor(s) have been adjusted to model box [-219.163,
                      219.163, -290.928, 817.428, -14.4276, 56.4276]:
                        farfield (f=400), farfield (f=433), farfield (f=450).
                      For further information please check the page "Special Solver Parameters -
                      Solver" in the Online Help.

                      ------------------------------------------------------------------------------
2025-01-23 14:30:27   
                      Solver started at: 2025-01-23 14:30:27 +0700

                        Module:  Time Domain: S-Parameter (Win 64)
                        Version: 2024.0 Release from 2023-09-01 (change 1164796)

2025-01-23 14:30:27   

                      ------------------------------------------------------------------------------
2025-01-23 14:30:27   

                      ------------------------------------------------------------------------------
2025-01-23 14:30:27   ======================================================================
                       Solver cycle: 1
                      ======================================================================

                      Stimulation at discrete port 1 



                      ------------------------------------------------------------------------------
2025-01-23 14:30:27   Units settings: 

                        Dimensions: mm
                        Frequency:  MHz
                        Time:       ns

                      ------------------------------------------------------------------------------
2025-01-23 14:30:27   The dispersive material update [Automatic] will be performed using the "Standard" update schema

                      ------------------------------------------------------------------------------
2025-01-23 14:30:51   The following discrete edge port is connected to metal material:
                      	1

                      ------------------------------------------------------------------------------
2025-01-23 14:30:51   Mesh statistics:

                         Hexahedral mesh type: Perfect Boundary Approximation (PBA)
                            Version: default

                         Parallelization type: domain decomposition
                            Number of parallel working threads: 14
                            Number of calculation domains used: 24

                         Used point accuracy enhancement value: 0.00%.
2025-01-23 14:30:34      current system memory usage reached 50%
                         Acceleration mode: CPU
                         PBA fill limit: 91.16% (inverse)
2025-01-23 14:30:29      current system memory usage reached 50%
2025-01-23 14:30:30      current system memory usage reached 50%

2025-01-23 14:30:53   Boundary conditions: 

                        YZsymmetry: none
                        XZsymmetry: none
                        XYsymmetry: none

                        Xmin: expanded open, 4 Layer, depth 168.026 mm
                        Xmax: expanded open, 4 Layer, depth 168.026 mm

                        Ymin: expanded open, 4 Layer, depth 167.735 mm
                        Ymax: expanded open, 4 Layer, depth 167.735 mm

                        Zmin: expanded open, 4 Layer, depth 167.735 mm
                        Zmax: expanded open, 4 Layer, depth 167.735 mm

                        PML-Type: Convolution PML

                      ------------------------------------------------------------------------------
2025-01-23 14:30:53   Frequency settings: 

                        Fmin:         400
                        Fmax:         450
                        Nfsteps(lin): 1001

                      ------------------------------------------------------------------------------
2025-01-23 14:30:54   Field update statistics:

                        Number of components in total: 	3466374
                        Number of lossy metal components:	32062

                      Subcycling state:      			Automatically deactivated

                      ------------------------------------------------------------------------------
2025-01-23 14:30:54   Port: 1

2025-01-23 14:30:54     Discrete element, reference impedance = 50 Ohm

                      ------------------------------------------------------------------------------
2025-01-23 14:34:00   
                      --------------------------------------------------------------------------------
2025-01-23 14:34:00   Steady state energy criterion met, solver finished successfully.

                      ------------------------------------------------------------------------------
2025-01-23 14:34:00   Frequency domain results normalized to default signal.


                      ------------------------------------------------------------------------------
2025-01-23 14:34:00   
                        ----------------------------------------------------------------------------
                                            Peak memory used (kB)         Free physical memory (kB) 
                                                                          At begin     Minimum      
                        ----------------------------------------------------------------------------
                        Matrices calc.      647921                        6755859      6484375      
                        Solver run total    245796                        8986344      8288896      
                        ----------------------------------------------------------------------------

                      --------------------------------------------------------------------------------
                      Solver Statistics:

                        Hardware:
                           Computer name:                 	HANDY 

                           Number of CPU threads:               8
                           Hardware info:                  	Hardware Accelerator Device not activated

                        Number of mesh cells:             	565128
                        Excitation duration:              	1.42181950e+002 ns 
                        Calculation time for excitation:  	0 	s
                        Number of calculated pulse widths:	1.01479 
                        Steady state accuracy limit:      	-40	dB 
                        Simulated number of time steps:   	30968 
                        Maximum number of time steps:     	610335 
                        Time step width:
                           without subcycles:             	4.659139602e-003 ns
                           used:                          	4.659139602e-003 ns

                        Matrix calculation time:          	24 	s
                        Solver setup time:                	3 	s
                        Solver loop time:                 	183 	s
                        Solver post-processing time:      	0 	s
                                                          	------------
                        Total solver time:                	210 	s  ( = 0 h, 3 m, 30 s )

                      ------------------------------------------------------------------------------
2025-01-23 14:34:00   
                        Total solver time (all cycles):      	210    	s  ( = 0 h, 3 m, 30 s )
                        Solver initialization and clean-up:  	2      	s
                                                             	------------
                        Total simulation time:               	212    	s  ( = 0 h, 3 m, 32 s )

                      ------------------------------------------------------------------------------
2025-01-23 14:34:00   Solver finished at: 2025-01-23 14:34:00 +0700



                      ------------------------------------------------------------------------------
2025-01-23 14:34:01   Creating parametric 1D results for Run ID 2

                      ------------------------------------------------------------------------------
