2025-01-08 09:46:33   Defined reference frequency for open boundary condition (450 MHz) is larger
                      than the lowest relevant system frequency (monitor at 400 MHz).
                      Please check the Settings for PML Boundary (Simulation > Settings > Boundary
                      Conditions > Open Boundary) to ensure accurate monitor results for the lowest
                      frequency of interest. More...

                      ------------------------------------------------------------------------------
2025-01-08 09:46:33   The following farfield monitor(s) have been adjusted to model box [-166.366,
                      166.366, -9.64104, 9.64104, -9.64104, 9.64104]:
                        farfield (f=400), farfield (f=433), farfield (f=500).
                      For further information please check the page "Special Solver Parameters -
                      Solver" in the Online Help.

                      ------------------------------------------------------------------------------
2025-01-08 09:46:33   
                      Solver started at: 2025-01-08 09:46:33 +0700

                        Module:  Time Domain: S-Parameter (Win 64)
                        Version: 2024.0 Release from 2023-09-01 (change 1164796)

2025-01-08 09:46:33   

                      ------------------------------------------------------------------------------
2025-01-08 09:46:33   

                      ------------------------------------------------------------------------------
2025-01-08 09:46:33   ======================================================================
                       Solver cycle: 1
                      ======================================================================

                      Stimulation at discrete port 1 



                      ------------------------------------------------------------------------------
2025-01-08 09:46:33   Units settings: 

                        Dimensions: mm
                        Frequency:  MHz
                        Time:       ns

                      ------------------------------------------------------------------------------
2025-01-08 09:46:33   The dispersive material update [Automatic] will be performed using the "Standard" update schema

                      ------------------------------------------------------------------------------
2025-01-08 09:46:41   The following discrete edge port is connected to metal material:
                      	1

                      ------------------------------------------------------------------------------
2025-01-08 09:46:41   Mesh statistics:

                         Hexahedral mesh type: Perfect Boundary Approximation (PBA)
                            Version: default

                         Parallelization type: domain decomposition
                            Number of parallel working threads: 4
                            Number of calculation domains used: 4

                         Used point accuracy enhancement value: 63.00%.
                         Acceleration mode: CPU
                         PBA fill limit: 98.81% (inverse)

2025-01-08 09:46:43   Boundary conditions: 

                        YZsymmetry: none
                        XZsymmetry: none
                        XYsymmetry: none

                        Xmin: expanded open, 4 Layer, depth 135.531 mm
                        Xmax: expanded open, 4 Layer, depth 135.531 mm

                        Ymin: expanded open, 4 Layer, depth 135.531 mm
                        Ymax: expanded open, 4 Layer, depth 135.531 mm

                        Zmin: expanded open, 4 Layer, depth 135.531 mm
                        Zmax: expanded open, 4 Layer, depth 135.531 mm

                        PML-Type: Convolution PML

                      ------------------------------------------------------------------------------
2025-01-08 09:46:43   Frequency settings: 

                        Fmin:         400
                        Fmax:         500
                        Nfsteps(lin): 1001

                      ------------------------------------------------------------------------------
2025-01-08 09:46:43   Field update statistics:

                        Number of components in total: 	595442
                        Number of lossy metal components:	3936

                      Subcycling state:      			Automatically deactivated

                      ------------------------------------------------------------------------------
2025-01-08 09:46:43   Port: 1

2025-01-08 09:46:43     Discrete element, reference impedance = 50 Ohm

                      ------------------------------------------------------------------------------
2025-01-08 09:47:04   
                      --------------------------------------------------------------------------------
2025-01-08 09:47:04   Steady state energy criterion met, solver finished successfully.

                      ------------------------------------------------------------------------------
2025-01-08 09:47:04   Frequency domain results normalized to default signal.


                      ------------------------------------------------------------------------------
2025-01-08 09:47:04   
                        ----------------------------------------------------------------------------
                                            Peak memory used (kB)         Free physical memory (kB) 
                                                                          At begin     Minimum      
                        ----------------------------------------------------------------------------
                        CAD preparation     15644                         8137156      8137156      
                        Matrices calc.      116591                        8078125      7997070      
                        Solver run total    80000                         8165536      8010200      
                        ----------------------------------------------------------------------------

                      --------------------------------------------------------------------------------
                      Solver Statistics:

                        Hardware:
                           Computer name:                 	HANDY 

                           Number of CPU threads:               8
                           Hardware info:                  	Hardware Accelerator Device not activated

                        Number of mesh cells:             	95904
                        Excitation duration:              	7.10909750e+001 ns 
                        Calculation time for excitation:  	19 	s
                        Number of calculated pulse widths:	1.00174 
                        Steady state accuracy limit:      	-40	dB 
                        Simulated number of time steps:   	41302 
                        Maximum number of time steps:     	824608 
                        Time step width:
                           without subcycles:             	1.724234781e-003 ns
                           used:                          	1.724234781e-003 ns

                        CAD preparation time:             	0      	s
                        Matrix calculation time:          	8 	s
                        Solver setup time:                	3 	s
                        Solver loop time:                 	18 	s
                        Solver post-processing time:      	0 	s
                                                          	------------
                        Total solver time:                	29 	s

                      ------------------------------------------------------------------------------
2025-01-08 09:47:04   
                        Total solver time (all cycles):      	29     	s
                        Solver initialization and clean-up:  	2      	s
                                                             	------------
                        Total simulation time:               	31     	s

                      ------------------------------------------------------------------------------
2025-01-08 09:47:04   Solver finished at: 2025-01-08 09:47:04 +0700



                      ------------------------------------------------------------------------------
2025-01-08 09:47:06   Creating parametric 1D results for Run ID 1

                      ------------------------------------------------------------------------------
