2025-01-23 01:24:48   Defined reference frequency for open boundary condition (425 MHz) is larger
                      than the lowest relevant system frequency (monitor at 400 MHz).
                      Please check the Settings for PML Boundary (Simulation > Settings > Boundary
                      Conditions > Open Boundary) to ensure accurate monitor results for the lowest
                      frequency of interest. More...

                      ------------------------------------------------------------------------------
2025-01-23 01:24:49   The following farfield monitor(s) have been adjusted to model box [-171.758,
                      171.758, -420.928, 837.428, -14.4281, 61.4281]:
                        farfield (f=400), farfield (f=433), farfield (f=450).
                      For further information please check the page "Special Solver Parameters -
                      Solver" in the Online Help.

                      ------------------------------------------------------------------------------
2025-01-23 01:24:50   
                      Solver started at: 2025-01-23 01:24:50 +0700

                        Module:  Time Domain: S-Parameter (Win 64)
                        Version: 2024.0 Release from 2023-09-01 (change 1164796)

2025-01-23 01:24:50   

                      ------------------------------------------------------------------------------
2025-01-23 01:24:50   

                      ------------------------------------------------------------------------------
2025-01-23 01:24:50   ======================================================================
                       Solver cycle: 1
                      ======================================================================

                      Stimulation at discrete port 1 



                      ------------------------------------------------------------------------------
2025-01-23 01:24:50   Units settings: 

                        Dimensions: mm
                        Frequency:  MHz
                        Time:       ns

                      ------------------------------------------------------------------------------
2025-01-23 01:24:50   The dispersive material update [Automatic] will be performed using the "Standard" update schema

                      ------------------------------------------------------------------------------
2025-01-23 01:26:03   The following discrete edge port is connected to metal material:
                      	1

                      ------------------------------------------------------------------------------
2025-01-23 01:26:04   Mesh statistics:

                         Hexahedral mesh type: Perfect Boundary Approximation (PBA)
                            Version: default

                         Parallelization type: domain decomposition
                            Number of parallel working threads: 14
                            Number of calculation domains used: 21

                         Used point accuracy enhancement value: 0.00%.
                         Acceleration mode: CPU
                         PBA fill limit: 92.65% (inverse)
2025-01-23 01:24:56      current system memory usage reached 55%
2025-01-23 01:24:55      current system memory usage reached 55%

2025-01-23 01:26:10   Boundary conditions: 

                        YZsymmetry: none
                        XZsymmetry: none
                        XYsymmetry: none

                        Xmin: expanded open, 4 Layer, depth 167.788 mm
                        Xmax: expanded open, 4 Layer, depth 167.788 mm

                        Ymin: expanded open, 4 Layer, depth 167.735 mm
                        Ymax: expanded open, 4 Layer, depth 167.735 mm

                        Zmin: expanded open, 4 Layer, depth 168.073 mm
                        Zmax: expanded open, 4 Layer, depth 168.073 mm

                        PML-Type: Convolution PML

                      ------------------------------------------------------------------------------
2025-01-23 01:26:10   Frequency settings: 

                        Fmin:         400
                        Fmax:         450
                        Nfsteps(lin): 1001

                      ------------------------------------------------------------------------------
2025-01-23 01:26:10   Field update statistics:

                        Number of components in total: 	3028979
                        Number of lossy metal components:	35584

                      Subcycling state:      			Automatically deactivated

                      ------------------------------------------------------------------------------
2025-01-23 01:26:10   Port: 1

2025-01-23 01:26:10     Discrete element, reference impedance = 50 Ohm

                      ------------------------------------------------------------------------------
2025-01-23 01:29:17   
                      --------------------------------------------------------------------------------
2025-01-23 01:29:17   Steady state energy criterion met, solver finished successfully.

                      ------------------------------------------------------------------------------
2025-01-23 01:29:17   Frequency domain results normalized to default signal.


                      ------------------------------------------------------------------------------
2025-01-23 01:29:17   
                        ----------------------------------------------------------------------------
                                            Peak memory used (kB)         Free physical memory (kB) 
                                                                          At begin     Minimum      
                        ----------------------------------------------------------------------------
                        CAD preparation     15608                         7999684      7999684      
                        Matrices calc.      646372                        7125000      6484375      
                        Solver run total    203648                        8007148      7438496      
                        ----------------------------------------------------------------------------

                      --------------------------------------------------------------------------------
                      Solver Statistics:

                        Hardware:
                           Computer name:                 	HANDY 

                           Number of CPU threads:               8
                           Hardware info:                  	Hardware Accelerator Device not activated

                        Number of mesh cells:             	493506
                        Excitation duration:              	1.42181950e+002 ns 
                        Calculation time for excitation:  	0 	s
                        Number of calculated pulse widths:	1.0018 
                        Steady state accuracy limit:      	-40	dB 
                        Simulated number of time steps:   	33968 
                        Maximum number of time steps:     	678139 
                        Time step width:
                           without subcycles:             	4.193295703e-003 ns
                           used:                          	4.193295703e-003 ns

                        CAD preparation time:             	1      	s
                        Matrix calculation time:          	73 	s
                        Solver setup time:                	9 	s
                        Solver loop time:                 	181 	s
                        Solver post-processing time:      	0 	s
                                                          	------------
                        Total solver time:                	264 	s  ( = 0 h, 4 m, 24 s )

                      ------------------------------------------------------------------------------
2025-01-23 01:29:17   
                        Total solver time (all cycles):      	264    	s  ( = 0 h, 4 m, 24 s )
                        Solver initialization and clean-up:  	3      	s
                                                             	------------
                        Total simulation time:               	267    	s  ( = 0 h, 4 m, 27 s )

                      ------------------------------------------------------------------------------
2025-01-23 01:29:17   Solver finished at: 2025-01-23 01:29:17 +0700



                      ------------------------------------------------------------------------------
2025-01-23 01:29:18   Creating parametric 1D results for Run ID 1

                      ------------------------------------------------------------------------------
