Unknown:
C:\Users\tupog\AppData\Local\Temp\CSTDE1\Temp\DE\Untitled_0\Result\farfield (f=400)_1.fme
C:\Users\tupog\AppData\Local\Temp\CSTDE1\Temp\DE\Untitled_0\Result\farfield (f=433)1D_1.ffp
C:\Users\tupog\AppData\Local\Temp\CSTDE1\Temp\DE\Untitled_0\Result\farfield (f=433)2D_1.ffp
C:\Users\tupog\AppData\Local\Temp\CSTDE1\Temp\DE\Untitled_0\Result\farfield (f=433)_1.fme
C:\Users\tupog\AppData\Local\Temp\CSTDE1\Temp\DE\Untitled_0\Result\farfield (f=500)_1.fme
C:\Users\tupog\AppData\Local\Temp\CSTDE1\Temp\DE\Untitled_0\Result\ff_2d_plot_cache.dat
C:\Users\tupog\AppData\Local\Temp\CSTDE1\Temp\DE\Untitled_0\Result\hardware_resources.sconf
C:\Users\tupog\AppData\Local\Temp\CSTDE1\Temp\DE\Untitled_0\Result\Hex.gap
C:\Users\tupog\AppData\Local\Temp\CSTDE1\Temp\DE\Untitled_0\Result\MCalc.ddi
C:\Users\tupog\AppData\Local\Temp\CSTDE1\Temp\DE\Untitled_0\Result\MCalc.log
C:\Users\tupog\AppData\Local\Temp\CSTDE1\Temp\DE\Untitled_0\Result\ml_info.log
C:\Users\tupog\AppData\Local\Temp\CSTDE1\Temp\DE\Untitled_0\Result\Model.axg
C:\Users\tupog\AppData\Local\Temp\CSTDE1\Temp\DE\Untitled_0\Result\Model.ddi
C:\Users\tupog\AppData\Local\Temp\CSTDE1\Temp\DE\Untitled_0\Result\Model.log
C:\Users\tupog\AppData\Local\Temp\CSTDE1\Temp\DE\Untitled_0\Result\Model.sa
C:\Users\tupog\AppData\Local\Temp\CSTDE1\Temp\DE\Untitled_0\Result\Model.sam
C:\Users\tupog\AppData\Local\Temp\CSTDE1\Temp\DE\Untitled_0\Result\ModelPBA.axg
C:\Users\tupog\AppData\Local\Temp\CSTDE1\Temp\DE\Untitled_0\Result\m^fifx.dsc
C:\Users\tupog\AppData\Local\Temp\CSTDE1\Temp\DE\Untitled_0\Result\m^fqq.dsc
C:\Users\tupog\AppData\Local\Temp\CSTDE1\Temp\DE\Untitled_0\Result\Ports.web
C:\Users\tupog\AppData\Local\Temp\CSTDE1\Temp\DE\Untitled_0\Result\PP-MCalc.log
C:\Users\tupog\AppData\Local\Temp\CSTDE1\Temp\DE\Untitled_0\Result\PP-Prio.log
C:\Users\tupog\AppData\Local\Temp\CSTDE1\Temp\DE\Untitled_0\Result\p^a.dsc
C:\Users\tupog\AppData\Local\Temp\CSTDE1\Temp\DE\Untitled_0\Result\P^m^fbqq.slog
C:\Users\tupog\AppData\Local\Temp\CSTDE1\Temp\DE\Untitled_0\Result\P^m^fqq.slog
C:\Users\tupog\AppData\Local\Temp\CSTDE1\Temp\DE\Untitled_0\Result\P^p^m.slog
C:\Users\tupog\AppData\Local\Temp\CSTDE1\Temp\DE\Untitled_0\Result\P^s^pm.slog
C:\Users\tupog\AppData\Local\Temp\CSTDE1\Temp\DE\Untitled_0\Result\WEP.log
C:\Users\tupog\AppData\Local\Temp\CSTDE1\Temp\DE\Untitled_0\Result\Hex000\Hex.gap
C:\Users\tupog\AppData\Local\Temp\CSTDE1\Temp\DE\Untitled_0\Result\Hex000\m^fbqq.dsc
C:\Users\tupog\AppData\Local\Temp\CSTDE1\Temp\DE\Untitled_0\Result\Hex001\Hex.gap
C:\Users\tupog\AppData\Local\Temp\CSTDE1\Temp\DE\Untitled_0\Result\Hex001\m^fbqq.dsc
C:\Users\tupog\AppData\Local\Temp\CSTDE1\Temp\DE\Untitled_0\Result\Hex002\Hex.gap
C:\Users\tupog\AppData\Local\Temp\CSTDE1\Temp\DE\Untitled_0\Result\Hex002\m^fbqq.dsc
C:\Users\tupog\AppData\Local\Temp\CSTDE1\Temp\DE\Untitled_0\Result\Hex003\Hex.gap
C:\Users\tupog\AppData\Local\Temp\CSTDE1\Temp\DE\Untitled_0\Result\Hex003\m^fbqq.dsc
Mesh:
C:\Users\tupog\AppData\Local\Temp\CSTDE1\Temp\DE\Untitled_0\Result\dA.mat
C:\Users\tupog\AppData\Local\Temp\CSTDE1\Temp\DE\Untitled_0\Result\dad.mat
C:\Users\tupog\AppData\Local\Temp\CSTDE1\Temp\DE\Untitled_0\Result\ds.mat
C:\Users\tupog\AppData\Local\Temp\CSTDE1\Temp\DE\Untitled_0\Result\dsd.mat
C:\Users\tupog\AppData\Local\Temp\CSTDE1\Temp\DE\Untitled_0\Result\dsMCalc.mat
C:\Users\tupog\AppData\Local\Temp\CSTDE1\Temp\DE\Untitled_0\Result\Eps.mat
C:\Users\tupog\AppData\Local\Temp\CSTDE1\Temp\DE\Untitled_0\Result\HexMatrix.m2h
C:\Users\tupog\AppData\Local\Temp\CSTDE1\Temp\DE\Untitled_0\Result\HexMatrix_MCalc.m2h
C:\Users\tupog\AppData\Local\Temp\CSTDE1\Temp\DE\Untitled_0\Result\MCalc.fmp
C:\Users\tupog\AppData\Local\Temp\CSTDE1\Temp\DE\Untitled_0\Result\MCalc.xcfd
C:\Users\tupog\AppData\Local\Temp\CSTDE1\Temp\DE\Untitled_0\Result\MCalcCCS_c.mson
C:\Users\tupog\AppData\Local\Temp\CSTDE1\Temp\DE\Untitled_0\Result\Meta.m2h
C:\Users\tupog\AppData\Local\Temp\CSTDE1\Temp\DE\Untitled_0\Result\Meta.mat
C:\Users\tupog\AppData\Local\Temp\CSTDE1\Temp\DE\Untitled_0\Result\Model-fmf.msqlite
C:\Users\tupog\AppData\Local\Temp\CSTDE1\Temp\DE\Untitled_0\Result\Model.cct
C:\Users\tupog\AppData\Local\Temp\CSTDE1\Temp\DE\Untitled_0\Result\Model.fmf
C:\Users\tupog\AppData\Local\Temp\CSTDE1\Temp\DE\Untitled_0\Result\Model.fmm
C:\Users\tupog\AppData\Local\Temp\CSTDE1\Temp\DE\Untitled_0\Result\Model.fpc
C:\Users\tupog\AppData\Local\Temp\CSTDE1\Temp\DE\Untitled_0\Result\Model.fwf
C:\Users\tupog\AppData\Local\Temp\CSTDE1\Temp\DE\Untitled_0\Result\Model.sic
C:\Users\tupog\AppData\Local\Temp\CSTDE1\Temp\DE\Untitled_0\Result\Model.sid
C:\Users\tupog\AppData\Local\Temp\CSTDE1\Temp\DE\Untitled_0\Result\Model.spi
C:\Users\tupog\AppData\Local\Temp\CSTDE1\Temp\DE\Untitled_0\Result\Model.xcfd
C:\Users\tupog\AppData\Local\Temp\CSTDE1\Temp\DE\Untitled_0\Result\Mue.mat
C:\Users\tupog\AppData\Local\Temp\CSTDE1\Temp\DE\Untitled_0\Result\m^fqq.mem
C:\Users\tupog\AppData\Local\Temp\CSTDE1\Temp\DE\Untitled_0\Result\PEC.mat
C:\Users\tupog\AppData\Local\Temp\CSTDE1\Temp\DE\Untitled_0\Result\Ports.fpt
C:\Users\tupog\AppData\Local\Temp\CSTDE1\Temp\DE\Untitled_0\Result\p^a.mem
C:\Users\tupog\AppData\Local\Temp\CSTDE1\Temp\DE\Untitled_0\Result\p^m.mem
C:\Users\tupog\AppData\Local\Temp\CSTDE1\Temp\DE\Untitled_0\Result\Rho.mat
C:\Users\tupog\AppData\Local\Temp\CSTDE1\Temp\DE\Untitled_0\Result\S2HMatrix.m2h
C:\Users\tupog\AppData\Local\Temp\CSTDE1\Temp\DE\Untitled_0\Result\Shapes.con
C:\Users\tupog\AppData\Local\Temp\CSTDE1\Temp\DE\Untitled_0\Result\s^pm.mem
C:\Users\tupog\AppData\Local\Temp\CSTDE1\Temp\DE\Untitled_0\Result\Hex000\dsMCalc.mat
C:\Users\tupog\AppData\Local\Temp\CSTDE1\Temp\DE\Untitled_0\Result\Hex000\HexMatrix_MCalc.m2h
C:\Users\tupog\AppData\Local\Temp\CSTDE1\Temp\DE\Untitled_0\Result\Hex000\MCalc.fmp
C:\Users\tupog\AppData\Local\Temp\CSTDE1\Temp\DE\Untitled_0\Result\Hex000\MCalc.xcfd
C:\Users\tupog\AppData\Local\Temp\CSTDE1\Temp\DE\Untitled_0\Result\Hex000\Model-fmf.msqlite
C:\Users\tupog\AppData\Local\Temp\CSTDE1\Temp\DE\Untitled_0\Result\Hex000\Model.cct
C:\Users\tupog\AppData\Local\Temp\CSTDE1\Temp\DE\Untitled_0\Result\Hex000\Model.fmf
C:\Users\tupog\AppData\Local\Temp\CSTDE1\Temp\DE\Untitled_0\Result\Hex000\Model.fpc
C:\Users\tupog\AppData\Local\Temp\CSTDE1\Temp\DE\Untitled_0\Result\Hex000\Model.fwf
C:\Users\tupog\AppData\Local\Temp\CSTDE1\Temp\DE\Untitled_0\Result\Hex000\Model.sic
C:\Users\tupog\AppData\Local\Temp\CSTDE1\Temp\DE\Untitled_0\Result\Hex000\Model.spi
C:\Users\tupog\AppData\Local\Temp\CSTDE1\Temp\DE\Untitled_0\Result\Hex000\m^fbqq.mem
C:\Users\tupog\AppData\Local\Temp\CSTDE1\Temp\DE\Untitled_0\Result\Hex000\PEC.mat
C:\Users\tupog\AppData\Local\Temp\CSTDE1\Temp\DE\Untitled_0\Result\Hex000\Ports.fpt
C:\Users\tupog\AppData\Local\Temp\CSTDE1\Temp\DE\Untitled_0\Result\Hex000\S2HMatrix.m2h
C:\Users\tupog\AppData\Local\Temp\CSTDE1\Temp\DE\Untitled_0\Result\Hex000\Shapes.con
C:\Users\tupog\AppData\Local\Temp\CSTDE1\Temp\DE\Untitled_0\Result\Hex001\dsMCalc.mat
C:\Users\tupog\AppData\Local\Temp\CSTDE1\Temp\DE\Untitled_0\Result\Hex001\HexMatrix_MCalc.m2h
C:\Users\tupog\AppData\Local\Temp\CSTDE1\Temp\DE\Untitled_0\Result\Hex001\MCalc.fmp
C:\Users\tupog\AppData\Local\Temp\CSTDE1\Temp\DE\Untitled_0\Result\Hex001\MCalc.xcfd
C:\Users\tupog\AppData\Local\Temp\CSTDE1\Temp\DE\Untitled_0\Result\Hex001\Model-fmf.msqlite
C:\Users\tupog\AppData\Local\Temp\CSTDE1\Temp\DE\Untitled_0\Result\Hex001\Model.cct
C:\Users\tupog\AppData\Local\Temp\CSTDE1\Temp\DE\Untitled_0\Result\Hex001\Model.fmf
C:\Users\tupog\AppData\Local\Temp\CSTDE1\Temp\DE\Untitled_0\Result\Hex001\Model.fpc
C:\Users\tupog\AppData\Local\Temp\CSTDE1\Temp\DE\Untitled_0\Result\Hex001\Model.fwf
C:\Users\tupog\AppData\Local\Temp\CSTDE1\Temp\DE\Untitled_0\Result\Hex001\Model.sic
C:\Users\tupog\AppData\Local\Temp\CSTDE1\Temp\DE\Untitled_0\Result\Hex001\Model.spi
C:\Users\tupog\AppData\Local\Temp\CSTDE1\Temp\DE\Untitled_0\Result\Hex001\m^fbqq.mem
C:\Users\tupog\AppData\Local\Temp\CSTDE1\Temp\DE\Untitled_0\Result\Hex001\PEC.mat
C:\Users\tupog\AppData\Local\Temp\CSTDE1\Temp\DE\Untitled_0\Result\Hex001\Ports.fpt
C:\Users\tupog\AppData\Local\Temp\CSTDE1\Temp\DE\Untitled_0\Result\Hex001\S2HMatrix.m2h
C:\Users\tupog\AppData\Local\Temp\CSTDE1\Temp\DE\Untitled_0\Result\Hex001\Shapes.con
C:\Users\tupog\AppData\Local\Temp\CSTDE1\Temp\DE\Untitled_0\Result\Hex002\dsMCalc.mat
C:\Users\tupog\AppData\Local\Temp\CSTDE1\Temp\DE\Untitled_0\Result\Hex002\HexMatrix_MCalc.m2h
C:\Users\tupog\AppData\Local\Temp\CSTDE1\Temp\DE\Untitled_0\Result\Hex002\MCalc.fmp
C:\Users\tupog\AppData\Local\Temp\CSTDE1\Temp\DE\Untitled_0\Result\Hex002\MCalc.xcfd
C:\Users\tupog\AppData\Local\Temp\CSTDE1\Temp\DE\Untitled_0\Result\Hex002\Model-fmf.msqlite
C:\Users\tupog\AppData\Local\Temp\CSTDE1\Temp\DE\Untitled_0\Result\Hex002\Model.cct
C:\Users\tupog\AppData\Local\Temp\CSTDE1\Temp\DE\Untitled_0\Result\Hex002\Model.fmf
C:\Users\tupog\AppData\Local\Temp\CSTDE1\Temp\DE\Untitled_0\Result\Hex002\Model.fpc
C:\Users\tupog\AppData\Local\Temp\CSTDE1\Temp\DE\Untitled_0\Result\Hex002\Model.fwf
C:\Users\tupog\AppData\Local\Temp\CSTDE1\Temp\DE\Untitled_0\Result\Hex002\Model.sic
C:\Users\tupog\AppData\Local\Temp\CSTDE1\Temp\DE\Untitled_0\Result\Hex002\Model.spi
C:\Users\tupog\AppData\Local\Temp\CSTDE1\Temp\DE\Untitled_0\Result\Hex002\m^fbqq.mem
C:\Users\tupog\AppData\Local\Temp\CSTDE1\Temp\DE\Untitled_0\Result\Hex002\PEC.mat
C:\Users\tupog\AppData\Local\Temp\CSTDE1\Temp\DE\Untitled_0\Result\Hex002\Ports.fpt
C:\Users\tupog\AppData\Local\Temp\CSTDE1\Temp\DE\Untitled_0\Result\Hex002\S2HMatrix.m2h
C:\Users\tupog\AppData\Local\Temp\CSTDE1\Temp\DE\Untitled_0\Result\Hex002\Shapes.con
C:\Users\tupog\AppData\Local\Temp\CSTDE1\Temp\DE\Untitled_0\Result\Hex003\dsMCalc.mat
C:\Users\tupog\AppData\Local\Temp\CSTDE1\Temp\DE\Untitled_0\Result\Hex003\HexMatrix_MCalc.m2h
C:\Users\tupog\AppData\Local\Temp\CSTDE1\Temp\DE\Untitled_0\Result\Hex003\MCalc.fmp
C:\Users\tupog\AppData\Local\Temp\CSTDE1\Temp\DE\Untitled_0\Result\Hex003\MCalc.xcfd
C:\Users\tupog\AppData\Local\Temp\CSTDE1\Temp\DE\Untitled_0\Result\Hex003\Model-fmf.msqlite
C:\Users\tupog\AppData\Local\Temp\CSTDE1\Temp\DE\Untitled_0\Result\Hex003\Model.cct
C:\Users\tupog\AppData\Local\Temp\CSTDE1\Temp\DE\Untitled_0\Result\Hex003\Model.fmf
C:\Users\tupog\AppData\Local\Temp\CSTDE1\Temp\DE\Untitled_0\Result\Hex003\Model.fpc
C:\Users\tupog\AppData\Local\Temp\CSTDE1\Temp\DE\Untitled_0\Result\Hex003\Model.fwf
C:\Users\tupog\AppData\Local\Temp\CSTDE1\Temp\DE\Untitled_0\Result\Hex003\Model.sic
C:\Users\tupog\AppData\Local\Temp\CSTDE1\Temp\DE\Untitled_0\Result\Hex003\Model.spi
C:\Users\tupog\AppData\Local\Temp\CSTDE1\Temp\DE\Untitled_0\Result\Hex003\m^fbqq.mem
C:\Users\tupog\AppData\Local\Temp\CSTDE1\Temp\DE\Untitled_0\Result\Hex003\PEC.mat
C:\Users\tupog\AppData\Local\Temp\CSTDE1\Temp\DE\Untitled_0\Result\Hex003\Ports.fpt
C:\Users\tupog\AppData\Local\Temp\CSTDE1\Temp\DE\Untitled_0\Result\Hex003\S2HMatrix.m2h
C:\Users\tupog\AppData\Local\Temp\CSTDE1\Temp\DE\Untitled_0\Result\Hex003\Shapes.con
Port:
C:\Users\tupog\AppData\Local\Temp\CSTDE1\Temp\DE\Untitled_0\Result\Model.pmi
