Unknown:
C:\Users\tupog\AppData\Local\Temp\CSTDE1\Temp\DE\Untitled_0\Result\farfield (f=400)_1.fme
C:\Users\tupog\AppData\Local\Temp\CSTDE1\Temp\DE\Untitled_0\Result\farfield (f=433)2D_1.ffp
C:\Users\tupog\AppData\Local\Temp\CSTDE1\Temp\DE\Untitled_0\Result\farfield (f=433)_1.fme
C:\Users\tupog\AppData\Local\Temp\CSTDE1\Temp\DE\Untitled_0\Result\farfield (f=450)_1.fme
C:\Users\tupog\AppData\Local\Temp\CSTDE1\Temp\DE\Untitled_0\Result\ff_2d_plot_cache.dat
C:\Users\tupog\AppData\Local\Temp\CSTDE1\Temp\DE\Untitled_0\Result\hardware_resources.sconf
C:\Users\tupog\AppData\Local\Temp\CSTDE1\Temp\DE\Untitled_0\Result\Hex.gap
C:\Users\tupog\AppData\Local\Temp\CSTDE1\Temp\DE\Untitled_0\Result\MCalc.ddi
C:\Users\tupog\AppData\Local\Temp\CSTDE1\Temp\DE\Untitled_0\Result\MCalc.log
C:\Users\tupog\AppData\Local\Temp\CSTDE1\Temp\DE\Untitled_0\Result\ml_info.log
C:\Users\tupog\AppData\Local\Temp\CSTDE1\Temp\DE\Untitled_0\Result\Model.axg
C:\Users\tupog\AppData\Local\Temp\CSTDE1\Temp\DE\Untitled_0\Result\Model.ddi
C:\Users\tupog\AppData\Local\Temp\CSTDE1\Temp\DE\Untitled_0\Result\Model.log
C:\Users\tupog\AppData\Local\Temp\CSTDE1\Temp\DE\Untitled_0\Result\Model.sa
C:\Users\tupog\AppData\Local\Temp\CSTDE1\Temp\DE\Untitled_0\Result\Model.sam
C:\Users\tupog\AppData\Local\Temp\CSTDE1\Temp\DE\Untitled_0\Result\ModelPBA.axg
C:\Users\tupog\AppData\Local\Temp\CSTDE1\Temp\DE\Untitled_0\Result\m^fifx.dsc
C:\Users\tupog\AppData\Local\Temp\CSTDE1\Temp\DE\Untitled_0\Result\m^fqq.dsc
C:\Users\tupog\AppData\Local\Temp\CSTDE1\Temp\DE\Untitled_0\Result\Ports.web
C:\Users\tupog\AppData\Local\Temp\CSTDE1\Temp\DE\Untitled_0\Result\PP-MCalc.log
C:\Users\tupog\AppData\Local\Temp\CSTDE1\Temp\DE\Untitled_0\Result\PP-Prio.log
C:\Users\tupog\AppData\Local\Temp\CSTDE1\Temp\DE\Untitled_0\Result\p^a.dsc
C:\Users\tupog\AppData\Local\Temp\CSTDE1\Temp\DE\Untitled_0\Result\P^m^fbqq.slog
C:\Users\tupog\AppData\Local\Temp\CSTDE1\Temp\DE\Untitled_0\Result\P^m^fqq.slog
C:\Users\tupog\AppData\Local\Temp\CSTDE1\Temp\DE\Untitled_0\Result\P^p^m.slog
C:\Users\tupog\AppData\Local\Temp\CSTDE1\Temp\DE\Untitled_0\Result\P^s^pm.slog
C:\Users\tupog\AppData\Local\Temp\CSTDE1\Temp\DE\Untitled_0\Result\WEP.log
Mesh:
C:\Users\tupog\AppData\Local\Temp\CSTDE1\Temp\DE\Untitled_0\Result\dA.mat
C:\Users\tupog\AppData\Local\Temp\CSTDE1\Temp\DE\Untitled_0\Result\dad.mat
C:\Users\tupog\AppData\Local\Temp\CSTDE1\Temp\DE\Untitled_0\Result\ds.mat
C:\Users\tupog\AppData\Local\Temp\CSTDE1\Temp\DE\Untitled_0\Result\dsd.mat
C:\Users\tupog\AppData\Local\Temp\CSTDE1\Temp\DE\Untitled_0\Result\dsMCalc.mat
C:\Users\tupog\AppData\Local\Temp\CSTDE1\Temp\DE\Untitled_0\Result\Eps.mat
C:\Users\tupog\AppData\Local\Temp\CSTDE1\Temp\DE\Untitled_0\Result\HexMatrix.m2h
C:\Users\tupog\AppData\Local\Temp\CSTDE1\Temp\DE\Untitled_0\Result\HexMatrix_MCalc.m2h
C:\Users\tupog\AppData\Local\Temp\CSTDE1\Temp\DE\Untitled_0\Result\MCalc.fmp
C:\Users\tupog\AppData\Local\Temp\CSTDE1\Temp\DE\Untitled_0\Result\MCalc.xcfd
C:\Users\tupog\AppData\Local\Temp\CSTDE1\Temp\DE\Untitled_0\Result\MCalcCCS_c.mson
C:\Users\tupog\AppData\Local\Temp\CSTDE1\Temp\DE\Untitled_0\Result\Meta.m2h
C:\Users\tupog\AppData\Local\Temp\CSTDE1\Temp\DE\Untitled_0\Result\Meta.mat
C:\Users\tupog\AppData\Local\Temp\CSTDE1\Temp\DE\Untitled_0\Result\Model-fmf.msqlite
C:\Users\tupog\AppData\Local\Temp\CSTDE1\Temp\DE\Untitled_0\Result\Model.cct
C:\Users\tupog\AppData\Local\Temp\CSTDE1\Temp\DE\Untitled_0\Result\Model.fmf
C:\Users\tupog\AppData\Local\Temp\CSTDE1\Temp\DE\Untitled_0\Result\Model.fmm
C:\Users\tupog\AppData\Local\Temp\CSTDE1\Temp\DE\Untitled_0\Result\Model.fpc
C:\Users\tupog\AppData\Local\Temp\CSTDE1\Temp\DE\Untitled_0\Result\Model.fwf
C:\Users\tupog\AppData\Local\Temp\CSTDE1\Temp\DE\Untitled_0\Result\Model.sic
C:\Users\tupog\AppData\Local\Temp\CSTDE1\Temp\DE\Untitled_0\Result\Model.sid
C:\Users\tupog\AppData\Local\Temp\CSTDE1\Temp\DE\Untitled_0\Result\Model.spi
C:\Users\tupog\AppData\Local\Temp\CSTDE1\Temp\DE\Untitled_0\Result\Model.xcfd
C:\Users\tupog\AppData\Local\Temp\CSTDE1\Temp\DE\Untitled_0\Result\Mue.mat
C:\Users\tupog\AppData\Local\Temp\CSTDE1\Temp\DE\Untitled_0\Result\m^fqq.mem
C:\Users\tupog\AppData\Local\Temp\CSTDE1\Temp\DE\Untitled_0\Result\PEC.mat
C:\Users\tupog\AppData\Local\Temp\CSTDE1\Temp\DE\Untitled_0\Result\Ports.fpt
C:\Users\tupog\AppData\Local\Temp\CSTDE1\Temp\DE\Untitled_0\Result\p^a.mem
C:\Users\tupog\AppData\Local\Temp\CSTDE1\Temp\DE\Untitled_0\Result\p^m.mem
C:\Users\tupog\AppData\Local\Temp\CSTDE1\Temp\DE\Untitled_0\Result\Rho.mat
C:\Users\tupog\AppData\Local\Temp\CSTDE1\Temp\DE\Untitled_0\Result\S2HMatrix.m2h
C:\Users\tupog\AppData\Local\Temp\CSTDE1\Temp\DE\Untitled_0\Result\Shapes.con
C:\Users\tupog\AppData\Local\Temp\CSTDE1\Temp\DE\Untitled_0\Result\s^pm.mem
Port:
C:\Users\tupog\AppData\Local\Temp\CSTDE1\Temp\DE\Untitled_0\Result\Model.pmi
