2025-01-11 19:39:02   Defined reference frequency for open boundary condition (450 MHz) is larger
                      than the lowest relevant system frequency (monitor at 400 MHz).
                      Please check the Settings for PML Boundary (Simulation > Settings > Boundary
                      Conditions > Open Boundary) to ensure accurate monitor results for the lowest
                      frequency of interest. More...

                      ------------------------------------------------------------------------------
2025-01-11 19:39:03   The following farfield monitor(s) have been adjusted to model box [-173.712,
                      173.712, -5.7122, 223.712, -5.7122, 5.7122]:
                        farfield (f=400), farfield (f=433), farfield (f=500).
                      For further information please check the page "Special Solver Parameters -
                      Solver" in the Online Help.

                      ------------------------------------------------------------------------------
2025-01-11 19:39:03   
                      Solver started at: 2025-01-11 19:39:03 +0700

                        Module:  Time Domain: S-Parameter (Win 64)
                        Version: 2024.0 Release from 2023-09-01 (change 1164796)

2025-01-11 19:39:03   

                      ------------------------------------------------------------------------------
2025-01-11 19:39:03   

                      ------------------------------------------------------------------------------
2025-01-11 19:39:03   ======================================================================
                       Solver cycle: 1
                      ======================================================================

                      Stimulation at discrete port 1 



                      ------------------------------------------------------------------------------
2025-01-11 19:39:03   Units settings: 

                        Dimensions: mm
                        Frequency:  MHz
                        Time:       ns

                      ------------------------------------------------------------------------------
2025-01-11 19:39:03   The dispersive material update [Automatic] will be performed using the "Standard" update schema

                      ------------------------------------------------------------------------------
2025-01-11 19:39:29   The following discrete edge port is connected to metal material:
                      	1

                      ------------------------------------------------------------------------------
2025-01-11 19:39:29   Mesh statistics:

                         Hexahedral mesh type: Perfect Boundary Approximation (PBA)
                            Version: default

                         Parallelization type: domain decomposition
                            Number of parallel working threads: 6
                            Number of calculation domains used: 8

                         Used point accuracy enhancement value: 1.00%.
                         Acceleration mode: CPU
                         PBA fill limit: 97.88% (inverse)

2025-01-11 19:39:33   Boundary conditions: 

                        YZsymmetry: none
                        XZsymmetry: none
                        XYsymmetry: none

                        Xmin: expanded open, 4 Layer, depth 132.462 mm
                        Xmax: expanded open, 4 Layer, depth 132.462 mm

                        Ymin: expanded open, 4 Layer, depth 132.462 mm
                        Ymax: expanded open, 4 Layer, depth 132.462 mm

                        Zmin: expanded open, 4 Layer, depth 132.462 mm
                        Zmax: expanded open, 4 Layer, depth 132.462 mm

                        PML-Type: Convolution PML

                      ------------------------------------------------------------------------------
2025-01-11 19:39:33   Frequency settings: 

                        Fmin:         400
                        Fmax:         500
                        Nfsteps(lin): 1001

                      ------------------------------------------------------------------------------
2025-01-11 19:39:33   Field update statistics:

                        Number of components in total: 	1356369
                        Number of lossy metal components:	8224

                      Subcycling state:      			Automatically deactivated

                      ------------------------------------------------------------------------------
2025-01-11 19:39:33   Port: 1

2025-01-11 19:39:33     Discrete element, reference impedance = 50 Ohm

                      ------------------------------------------------------------------------------
2025-01-11 19:40:49   
                      --------------------------------------------------------------------------------
2025-01-11 19:40:49   Steady state energy criterion met, solver finished successfully.

                      ------------------------------------------------------------------------------
2025-01-11 19:40:49   Frequency domain results normalized to default signal.


                      ------------------------------------------------------------------------------
2025-01-11 19:40:49   
                        ----------------------------------------------------------------------------
                                            Peak memory used (kB)         Free physical memory (kB) 
                                                                          At begin     Minimum      
                        ----------------------------------------------------------------------------
                        CAD preparation     15544                         9116100      9116100      
                        Matrices calc.      417173                        9044921      7653320      
                        Solver run total    129852                        9140376      8888388      
                        ----------------------------------------------------------------------------

                      --------------------------------------------------------------------------------
                      Solver Statistics:

                        Hardware:
                           Computer name:                 	HANDY 

                           Number of CPU threads:               8
                           Hardware info:                  	Hardware Accelerator Device not activated

                        Number of mesh cells:             	219936
                        Excitation duration:              	7.10909750e+001 ns 
                        Calculation time for excitation:  	0 	s
                        Number of calculated pulse widths:	1.09523 
                        Steady state accuracy limit:      	-40	dB 
                        Simulated number of time steps:   	40482 
                        Maximum number of time steps:     	739243 
                        Time step width:
                           without subcycles:             	1.923343738e-003 ns
                           used:                          	1.923343738e-003 ns

                        CAD preparation time:             	0      	s
                        Matrix calculation time:          	26 	s
                        Solver setup time:                	6 	s
                        Solver loop time:                 	70 	s
                        Solver post-processing time:      	2 	s
                                                          	------------
                        Total solver time:                	104 	s  ( = 0 h, 1 m, 44 s )

                      ------------------------------------------------------------------------------
2025-01-11 19:40:50   
                        Total solver time (all cycles):      	104    	s  ( = 0 h, 1 m, 44 s )
                        Solver initialization and clean-up:  	2      	s
                                                             	------------
                        Total simulation time:               	106    	s  ( = 0 h, 1 m, 46 s )

                      ------------------------------------------------------------------------------
2025-01-11 19:40:50   Solver finished at: 2025-01-11 19:40:50 +0700



                      ------------------------------------------------------------------------------
2025-01-11 19:40:53   Creating parametric 1D results for Run ID 6

                      ------------------------------------------------------------------------------
