Unknown:
D:\My Code\PYTHON\Tugas_Magang_05\Hasil CST\YAGI\Result\farfield (f=400)_1.fme
D:\My Code\PYTHON\Tugas_Magang_05\Hasil CST\YAGI\Result\farfield (f=433)_1.fme
D:\My Code\PYTHON\Tugas_Magang_05\Hasil CST\YAGI\Result\farfield (f=500)_1.fme
D:\My Code\PYTHON\Tugas_Magang_05\Hasil CST\YAGI\Result\hardware_resources.sconf
D:\My Code\PYTHON\Tugas_Magang_05\Hasil CST\YAGI\Result\Hex.gap
D:\My Code\PYTHON\Tugas_Magang_05\Hasil CST\YAGI\Result\MCalc.ddi
D:\My Code\PYTHON\Tugas_Magang_05\Hasil CST\YAGI\Result\MCalc.log
D:\My Code\PYTHON\Tugas_Magang_05\Hasil CST\YAGI\Result\ml_info.log
D:\My Code\PYTHON\Tugas_Magang_05\Hasil CST\YAGI\Result\Model.axg
D:\My Code\PYTHON\Tugas_Magang_05\Hasil CST\YAGI\Result\Model.ddi
D:\My Code\PYTHON\Tugas_Magang_05\Hasil CST\YAGI\Result\Model.log
D:\My Code\PYTHON\Tugas_Magang_05\Hasil CST\YAGI\Result\Model.sa
D:\My Code\PYTHON\Tugas_Magang_05\Hasil CST\YAGI\Result\Model.sam
D:\My Code\PYTHON\Tugas_Magang_05\Hasil CST\YAGI\Result\ModelPBA.axg
D:\My Code\PYTHON\Tugas_Magang_05\Hasil CST\YAGI\Result\m^fifx.dsc
D:\My Code\PYTHON\Tugas_Magang_05\Hasil CST\YAGI\Result\m^fqq.dsc
D:\My Code\PYTHON\Tugas_Magang_05\Hasil CST\YAGI\Result\Ports.web
D:\My Code\PYTHON\Tugas_Magang_05\Hasil CST\YAGI\Result\PP-MCalc.log
D:\My Code\PYTHON\Tugas_Magang_05\Hasil CST\YAGI\Result\PP-Prio.log
D:\My Code\PYTHON\Tugas_Magang_05\Hasil CST\YAGI\Result\p^a.dsc
D:\My Code\PYTHON\Tugas_Magang_05\Hasil CST\YAGI\Result\P^m^fbqq.slog
D:\My Code\PYTHON\Tugas_Magang_05\Hasil CST\YAGI\Result\P^m^fqq.slog
D:\My Code\PYTHON\Tugas_Magang_05\Hasil CST\YAGI\Result\P^p^m.slog
D:\My Code\PYTHON\Tugas_Magang_05\Hasil CST\YAGI\Result\P^s^pm.slog
D:\My Code\PYTHON\Tugas_Magang_05\Hasil CST\YAGI\Result\WEP.log
Mesh:
D:\My Code\PYTHON\Tugas_Magang_05\Hasil CST\YAGI\Result\dA.mat
D:\My Code\PYTHON\Tugas_Magang_05\Hasil CST\YAGI\Result\dad.mat
D:\My Code\PYTHON\Tugas_Magang_05\Hasil CST\YAGI\Result\ds.mat
D:\My Code\PYTHON\Tugas_Magang_05\Hasil CST\YAGI\Result\dsd.mat
D:\My Code\PYTHON\Tugas_Magang_05\Hasil CST\YAGI\Result\dsMCalc.mat
D:\My Code\PYTHON\Tugas_Magang_05\Hasil CST\YAGI\Result\Eps.mat
D:\My Code\PYTHON\Tugas_Magang_05\Hasil CST\YAGI\Result\HexMatrix.m2h
D:\My Code\PYTHON\Tugas_Magang_05\Hasil CST\YAGI\Result\HexMatrix_MCalc.m2h
D:\My Code\PYTHON\Tugas_Magang_05\Hasil CST\YAGI\Result\MCalc.fmp
D:\My Code\PYTHON\Tugas_Magang_05\Hasil CST\YAGI\Result\MCalc.xcfd
D:\My Code\PYTHON\Tugas_Magang_05\Hasil CST\YAGI\Result\MCalcCCS_c.mson
D:\My Code\PYTHON\Tugas_Magang_05\Hasil CST\YAGI\Result\Meta.m2h
D:\My Code\PYTHON\Tugas_Magang_05\Hasil CST\YAGI\Result\Meta.mat
D:\My Code\PYTHON\Tugas_Magang_05\Hasil CST\YAGI\Result\Model-fmf.msqlite
D:\My Code\PYTHON\Tugas_Magang_05\Hasil CST\YAGI\Result\Model.cct
D:\My Code\PYTHON\Tugas_Magang_05\Hasil CST\YAGI\Result\Model.fmf
D:\My Code\PYTHON\Tugas_Magang_05\Hasil CST\YAGI\Result\Model.fmm
D:\My Code\PYTHON\Tugas_Magang_05\Hasil CST\YAGI\Result\Model.fpc
D:\My Code\PYTHON\Tugas_Magang_05\Hasil CST\YAGI\Result\Model.fwf
D:\My Code\PYTHON\Tugas_Magang_05\Hasil CST\YAGI\Result\Model.sic
D:\My Code\PYTHON\Tugas_Magang_05\Hasil CST\YAGI\Result\Model.sid
D:\My Code\PYTHON\Tugas_Magang_05\Hasil CST\YAGI\Result\Model.spi
D:\My Code\PYTHON\Tugas_Magang_05\Hasil CST\YAGI\Result\Model.xcfd
D:\My Code\PYTHON\Tugas_Magang_05\Hasil CST\YAGI\Result\Mue.mat
D:\My Code\PYTHON\Tugas_Magang_05\Hasil CST\YAGI\Result\m^fqq.mem
D:\My Code\PYTHON\Tugas_Magang_05\Hasil CST\YAGI\Result\PEC.mat
D:\My Code\PYTHON\Tugas_Magang_05\Hasil CST\YAGI\Result\Ports.fpt
D:\My Code\PYTHON\Tugas_Magang_05\Hasil CST\YAGI\Result\p^a.mem
D:\My Code\PYTHON\Tugas_Magang_05\Hasil CST\YAGI\Result\p^m.mem
D:\My Code\PYTHON\Tugas_Magang_05\Hasil CST\YAGI\Result\Rho.mat
D:\My Code\PYTHON\Tugas_Magang_05\Hasil CST\YAGI\Result\S2HMatrix.m2h
D:\My Code\PYTHON\Tugas_Magang_05\Hasil CST\YAGI\Result\Shapes.con
D:\My Code\PYTHON\Tugas_Magang_05\Hasil CST\YAGI\Result\s^pm.mem
Port:
D:\My Code\PYTHON\Tugas_Magang_05\Hasil CST\YAGI\Result\Model.pmi
