2025-01-23 01:10:42   Defined reference frequency for open boundary condition (425 MHz) is larger
                      than the lowest relevant system frequency (monitor at 400 MHz).
                      Please check the Settings for PML Boundary (Simulation > Settings > Boundary
                      Conditions > Open Boundary) to ensure accurate monitor results for the lowest
                      frequency of interest. More...

                      ------------------------------------------------------------------------------
2025-01-23 01:10:42   The following farfield monitor(s) have been adjusted to model box [-171.758,
                      171.758, -420.928, 837.428, -29.4276, 29.4276]:
                        farfield (f=400), farfield (f=433), farfield (f=450).
                      For further information please check the page "Special Solver Parameters -
                      Solver" in the Online Help.

                      ------------------------------------------------------------------------------
2025-01-23 01:10:42   
                      Solver started at: 2025-01-23 01:10:42 +0700

                        Module:  Time Domain: S-Parameter (Win 64)
                        Version: 2024.0 Release from 2023-09-01 (change 1164796)

2025-01-23 01:10:42   

                      ------------------------------------------------------------------------------
2025-01-23 01:10:42   

                      ------------------------------------------------------------------------------
2025-01-23 01:10:42   ======================================================================
                       Solver cycle: 1
                      ======================================================================

                      Stimulation at discrete port 1 



                      ------------------------------------------------------------------------------
2025-01-23 01:10:42   Units settings: 

                        Dimensions: mm
                        Frequency:  MHz
                        Time:       ns

                      ------------------------------------------------------------------------------
2025-01-23 01:10:42   The dispersive material update [Automatic] will be performed using the "Standard" update schema

                      ------------------------------------------------------------------------------
2025-01-23 01:11:06   The following discrete edge port is connected to metal material:
                      	1

                      ------------------------------------------------------------------------------
2025-01-23 01:11:06   Mesh statistics:

                         Hexahedral mesh type: Perfect Boundary Approximation (PBA)
                            Version: default

                         Parallelization type: domain decomposition
                            Number of parallel working threads: 14
                            Number of calculation domains used: 21

                         Used point accuracy enhancement value: 0.00%.
                         Acceleration mode: CPU
                         PBA fill limit: 93.59% (inverse)

2025-01-23 01:11:08   Boundary conditions: 

                        YZsymmetry: none
                        XZsymmetry: none
                        XYsymmetry: none

                        Xmin: expanded open, 4 Layer, depth 167.788 mm
                        Xmax: expanded open, 4 Layer, depth 167.788 mm

                        Ymin: expanded open, 4 Layer, depth 167.735 mm
                        Ymax: expanded open, 4 Layer, depth 167.735 mm

                        Zmin: expanded open, 4 Layer, depth 167.735 mm
                        Zmax: expanded open, 4 Layer, depth 167.735 mm

                        PML-Type: Convolution PML

                      ------------------------------------------------------------------------------
2025-01-23 01:11:08   Frequency settings: 

                        Fmin:         400
                        Fmax:         450
                        Nfsteps(lin): 1001

                      ------------------------------------------------------------------------------
2025-01-23 01:11:08   Field update statistics:

                        Number of components in total: 	2786647
                        Number of lossy metal components:	44200

                      Subcycling state:      			Automatically deactivated

                      ------------------------------------------------------------------------------
2025-01-23 01:11:08   Port: 1

2025-01-23 01:11:08     Discrete element, reference impedance = 50 Ohm

                      ------------------------------------------------------------------------------
2025-01-23 01:13:36   
                      --------------------------------------------------------------------------------
2025-01-23 01:13:36   Steady state energy criterion met, solver finished successfully.

                      ------------------------------------------------------------------------------
2025-01-23 01:13:36   Frequency domain results normalized to default signal.


                      ------------------------------------------------------------------------------
2025-01-23 01:13:36   
                        ----------------------------------------------------------------------------
                                            Peak memory used (kB)         Free physical memory (kB) 
                                                                          At begin     Minimum      
                        ----------------------------------------------------------------------------
                        CAD preparation     15624                         8553564      8553564      
                        Matrices calc.      646352                        7125000      6484375      
                        Solver run total    201472                        8586472      7914760      
                        ----------------------------------------------------------------------------

                      --------------------------------------------------------------------------------
                      Solver Statistics:

                        Hardware:
                           Computer name:                 	HANDY 

                           Number of CPU threads:               8
                           Hardware info:                  	Hardware Accelerator Device not activated

                        Number of mesh cells:             	453492
                        Excitation duration:              	1.42181950e+002 ns 
                        Calculation time for excitation:  	0 	s
                        Number of calculated pulse widths:	1.00472 
                        Steady state accuracy limit:      	-40	dB 
                        Simulated number of time steps:   	32038 
                        Maximum number of time steps:     	637747 
                        Time step width:
                           without subcycles:             	4.458879156e-003 ns
                           used:                          	4.458879156e-003 ns

                        CAD preparation time:             	1      	s
                        Matrix calculation time:          	22 	s
                        Solver setup time:                	3 	s
                        Solver loop time:                 	145 	s
                        Solver post-processing time:      	1 	s
                                                          	------------
                        Total solver time:                	172 	s  ( = 0 h, 2 m, 52 s )

                      ------------------------------------------------------------------------------
2025-01-23 01:13:37   
                        Total solver time (all cycles):      	172    	s  ( = 0 h, 2 m, 52 s )
                        Solver initialization and clean-up:  	2      	s
                                                             	------------
                        Total simulation time:               	174    	s  ( = 0 h, 2 m, 54 s )

                      ------------------------------------------------------------------------------
2025-01-23 01:13:37   Solver finished at: 2025-01-23 01:13:37 +0700



                      ------------------------------------------------------------------------------
2025-01-23 01:13:39   Creating parametric 1D results for Run ID 1

                      ------------------------------------------------------------------------------
