2025-01-23 13:53:53   Defined reference frequency for open boundary condition (425 MHz) is larger
                      than the lowest relevant system frequency (monitor at 400 MHz).
                      Please check the Settings for PML Boundary (Simulation > Settings > Boundary
                      Conditions > Open Boundary) to ensure accurate monitor results for the lowest
                      frequency of interest. More...

                      ------------------------------------------------------------------------------
2025-01-23 13:53:53   The following farfield monitor(s) have been adjusted to model box [-171.758,
                      171.758, -405.928, 807.428, -14.4276, 56.4276]:
                        farfield (f=400), farfield (f=433), farfield (f=450).
                      For further information please check the page "Special Solver Parameters -
                      Solver" in the Online Help.

                      ------------------------------------------------------------------------------
2025-01-23 13:53:54   
                      Solver started at: 2025-01-23 13:53:54 +0700

                        Module:  Time Domain: S-Parameter (Win 64)
                        Version: 2024.0 Release from 2023-09-01 (change 1164796)

2025-01-23 13:53:54   

                      ------------------------------------------------------------------------------
2025-01-23 13:53:54   

                      ------------------------------------------------------------------------------
2025-01-23 13:53:54   ======================================================================
                       Solver cycle: 1
                      ======================================================================

                      Stimulation at discrete port 1 



                      ------------------------------------------------------------------------------
2025-01-23 13:53:54   Units settings: 

                        Dimensions: mm
                        Frequency:  MHz
                        Time:       ns

                      ------------------------------------------------------------------------------
2025-01-23 13:53:54   The dispersive material update [Automatic] will be performed using the "Standard" update schema

                      ------------------------------------------------------------------------------
2025-01-23 13:54:15   The following discrete edge port is connected to metal material:
                      	1

                      ------------------------------------------------------------------------------
2025-01-23 13:54:16   Mesh statistics:

                         Hexahedral mesh type: Perfect Boundary Approximation (PBA)
                            Version: default

                         Parallelization type: domain decomposition
                            Number of parallel working threads: 14
                            Number of calculation domains used: 20

                         Used point accuracy enhancement value: 0.00%.
                         Acceleration mode: CPU
                         PBA fill limit: 93.40% (inverse)
2025-01-23 13:53:56      current system memory usage reached 50%

2025-01-23 13:54:18   Boundary conditions: 

                        YZsymmetry: none
                        XZsymmetry: none
                        XYsymmetry: none

                        Xmin: expanded open, 4 Layer, depth 167.788 mm
                        Xmax: expanded open, 4 Layer, depth 167.788 mm

                        Ymin: expanded open, 4 Layer, depth 167.735 mm
                        Ymax: expanded open, 4 Layer, depth 167.735 mm

                        Zmin: expanded open, 4 Layer, depth 167.735 mm
                        Zmax: expanded open, 4 Layer, depth 167.735 mm

                        PML-Type: Convolution PML

                      ------------------------------------------------------------------------------
2025-01-23 13:54:18   Frequency settings: 

                        Fmin:         400
                        Fmax:         450
                        Nfsteps(lin): 1001

                      ------------------------------------------------------------------------------
2025-01-23 13:54:18   Field update statistics:

                        Number of components in total: 	2839601
                        Number of lossy metal components:	31010

                      Subcycling state:      			Automatically deactivated

                      ------------------------------------------------------------------------------
2025-01-23 13:54:18   Port: 1

2025-01-23 13:54:18     Discrete element, reference impedance = 50 Ohm

                      ------------------------------------------------------------------------------
2025-01-23 13:56:54   
                      --------------------------------------------------------------------------------
2025-01-23 13:56:54   Steady state energy criterion met, solver finished successfully.

                      ------------------------------------------------------------------------------
2025-01-23 13:56:54   Frequency domain results normalized to default signal.


                      ------------------------------------------------------------------------------
2025-01-23 13:56:54   
                        ----------------------------------------------------------------------------
                                            Peak memory used (kB)         Free physical memory (kB) 
                                                                          At begin     Minimum      
                        ----------------------------------------------------------------------------
                        CAD preparation     15540                         8582948      8582948      
                        Matrices calc.      646505                        7125000      6484375      
                        Solver run total    195780                        8591988      8061048      
                        ----------------------------------------------------------------------------

                      --------------------------------------------------------------------------------
                      Solver Statistics:

                        Hardware:
                           Computer name:                 	HANDY 

                           Number of CPU threads:               8
                           Hardware info:                  	Hardware Accelerator Device not activated

                        Number of mesh cells:             	462384
                        Excitation duration:              	1.42181950e+002 ns 
                        Calculation time for excitation:  	0 	s
                        Number of calculated pulse widths:	1.00115 
                        Steady state accuracy limit:      	-40	dB 
                        Simulated number of time steps:   	33968 
                        Maximum number of time steps:     	678576 
                        Time step width:
                           without subcycles:             	4.190591822e-003 ns
                           used:                          	4.190591822e-003 ns

                        CAD preparation time:             	0      	s
                        Matrix calculation time:          	22 	s
                        Solver setup time:                	3 	s
                        Solver loop time:                 	153 	s
                        Solver post-processing time:      	1 	s
                                                          	------------
                        Total solver time:                	179 	s  ( = 0 h, 2 m, 59 s )

                      ------------------------------------------------------------------------------
2025-01-23 13:56:55   
                        Total solver time (all cycles):      	179    	s  ( = 0 h, 2 m, 59 s )
                        Solver initialization and clean-up:  	2      	s
                                                             	------------
                        Total simulation time:               	181    	s  ( = 0 h, 3 m, 1 s )

                      ------------------------------------------------------------------------------
2025-01-23 13:56:55   Solver finished at: 2025-01-23 13:56:55 +0700



                      ------------------------------------------------------------------------------
2025-01-23 13:56:57   Creating parametric 1D results for Run ID 4

                      ------------------------------------------------------------------------------
