Frontend-Node:  =======================================================================
                FPBA has been activated in order to calculate connectivity information.
                =======================================================================

>>>>>>>>>>>>>>>>>>>>>>>>>>>>>>>>
Wed Wed Jan  8 10:01:51 2025
started: parallelization control
>>>>>>>>>>>>>>>>>>>>>>>>>>>>>>>>

=================================================================================
 - hardware info
   + cpu name                    : AMD Ryzen 7 5800H with Radeon Graphics
   + sockets                     : 1
   + cores per socket            : 8
   + hyperthreading              : on
   + ht-units                    : 2
   + max cpuid level             : 13
   + max cpuid ext. level        : 35
   + numa nodes                  : 1
   + sub numa nodes              : 8
   + internal cpu info           : CPUID: selected engine is 'Leaf 0xB detection'
apic ids           : 0, 1, 2, 3, 4, 5, 6, 7, 8, 9, 10, 11, 12, 13, 14, 15
apic ids (fallback): 0, 1, 2, 3, 4, 5, 6, 7, 8, 9, 10, 11, 12, 13, 14, 15
from cpu registers: 0, 1, 2, 3, 4, 5, 6, 7, 8, 9, 10, 11, 12, 13, 14, 15
fallback: 0, 1, 2, 3, 4, 5, 6, 7, 8, 9, 10, 11, 12, 13, 14, 15
combined: 0, 1, 2, 3, 4, 5, 6, 7, 8, 9, 10, 11, 12, 13, 14, 15
max id per cpu: 16
SMT mask: 1
Core mask: e
Package mask: fffffff0
set results:
  - packages: 1
  - cores: 8
  - smts: 2
generate core map, new implementation
0, 1, 2, 3, 4, 5, 6, 7, 8, 9, 10, 11, 12, 13, 14, 15
packages: 1
cores   : 8
ht units: 2
 - pinning rule in use   : PINNING_RULE_MCALC_SKIP_ALL
 - desired group         : 0
 - num cores available   : 16
 - active core list from affinity: 
   + num accessible procs          : 16
   + num logical procs             : 16
   + current affinity (env)        : 0,1,2,3,4,5,6,7,8,9,10,11,12,13,14,15
   + sockets ids in                : 0
   + core list                  (1): 0,2,4,6,8,10,12,14
 - active cores          : 0,2,4,6,8,10,12,14
 - hyperthreading        : on
 - allowed core ids      : 0,2,4,6,8,10,12,14
 - allowed core ids (aff): 10101010 10101010 
 - used mask (string)    : 10101010 10101010 
=================================================================================

==========================================================================
Version: 2024.0 Release from 2023-09-01 (change 1164796) [Release]
Workflow: QQ-Facets
Operation: [acis, fpba, bg]
Architecture: Windows, ID: AMD64
System Windows-64bit
Using processor group 0/1
Matrix calculation information:
# of Nodes: 0
Concurrency: 0
Start ID: 0
Node ID: 0
HEX Mesh information:
Hex mesh: global: [hxr o(0 | 0 | 0) s(75 | 39 | 39) np (no TSTs): 114075] 
==========================================================================

>>>>>>>>>>>>>>>>>>>>>>>>>>>>>
Wed Wed Jan  8 10:01:51 2025
started: processing CAD model
>>>>>>>>>>>>>>>>>>>>>>>>>>>>>

========================================================================
Processing CAD model (for field results)
	[Improved internal geometry representation]
	[Accuracy improvement for long shapes in inhomogeneous mesh regions]
Version: 2024.0 Release from 2023-09-01 (change 1164796)
PBA version 2023101624
Sub-Workflow: Facets-QQ-GEX
Workflow updated: -
Wed Wed Jan  8 10:01:51 2025
========================================================================

===========================================
Finished CAD processing (for field results)
===========================================

<<<<<<<<<<<<<<<<<<<<<<<<<<<<<<<<<<<<<<<<<<
Wed Wed Jan  8 10:01:51 2025
Resource usage for processing CAD model:
	Runtime                 00:00:00.00078
	Peak Memory Usage:               17 MB
<<<<<<<<<<<<<<<<<<<<<<<<<<<<<<<<<<<<<<<<<<

>>>>>>>>>>>>>>>>>>>>>>>>>>>>>
Wed Wed Jan  8 10:01:51 2025
started: processing CAD model
>>>>>>>>>>>>>>>>>>>>>>>>>>>>>

>2025-00-08 10:01:51.00877< matrixcalc_AMD64 @ HANDY:  !!!!!!!!!!!!!!!!!!!!!!!!!!!!!!!!!!!!!!!
                                                       current system memory usage reached 50%
                                                       !!!!!!!!!!!!!!!!!!!!!!!!!!!!!!!!!!!!!!!

========================================================================
Processing CAD model
	[Improved internal geometry representation]
	[Accuracy improvement for long shapes in inhomogeneous mesh regions]
Version: 2024.0 Release from 2023-09-01 (change 1164796)
PBA version 2023101624
Sub-Workflow: Facets-QQ-GEX
Workflow updated: -
Wed Wed Jan  8 10:01:51 2025
========================================================================

----------------------------------------------
Used point accuracy enhancement value: 58.00%.
----------------------------------------------

=============================================================================
Mesh statistics:
-----------------------------------------------------------------------------
Minimum edge length (x): 1.25 @ mesh line 38 (x)
Maximum edge length (x): 35.7 @ mesh line 0 (x)
Minimum face area (x): 1.78 @ mesh lines 17 | 17 (y | z)
Maximum face area (x): 1.27e+03 @ mesh lines 0 | 0 (y | z)
Minimum edge length (y): 1.33 @ mesh line 17 (y)
Maximum edge length (y): 35.7 @ mesh line 0 (y)
Minimum face area (y): 1.67 @ mesh lines 17 | 38 (z | x)
Maximum face area (y): 1.27e+03 @ mesh lines 0 | 0 (z | x)
Minimum edge length (z): 1.33 @ mesh line 17 (z)
Maximum edge length (z): 35.7 @ mesh line 0 (z)
Minimum face area (z): 1.67 @ mesh lines 38 | 17 (x | y)
Maximum face area (z): 1.27e+03 @ mesh lines 0 | 0 (x | y)
Maximum mesh face aspect ratio (x): 26.8 : 1.0  @ mesh lines 17 | 0 (y | z)
Maximum mesh face aspect ratio (y): 28.6 : 1.0  @ mesh lines 0 | 38 (z | x)
Maximum mesh face aspect ratio (z): 28.6 : 1.0  @ mesh lines 38 | 0 (x | y)
=============================================================================

=============================================================================
Available resources to store TST cells: 2147369572 (1882419.09% of mesh size)
=============================================================================

------------------------------------------------------------------------------------------------
Geometry processing log
	PEC background is represented by CAD geometry: false
	Background shape: added
	Multithread portion: 100.00
	Number of CAD shapes: 1
	Number of lumps: 1
------------------------------------------------------------------------------------------------
=========================================
== CST Matrix Calculation Priority Log ==
=========================================
Priorities are sorted in ascending order beginning with the lowest priority
 
Group | Shape-ID | ShapeName | Material | User-priority | 2D/3D-Geometry | Material-attributes | Shape-attributes | Feature-ID | Schemetype
1 | 5 | </cst/Boundaries/> Low^X | $NFSMaterial$ | n/a | no | normal.vacuum. | boundary. | n/a | FIT_TD
1 | 6 | </cst/Boundaries/> Low^Y | $NFSMaterial$ | n/a | no | normal.vacuum. | boundary. | n/a | FIT_TD
1 | 7 | </cst/Boundaries/> Low^Z | $NFSMaterial$ | n/a | no | normal.vacuum. | boundary. | n/a | FIT_TD
1 | 8 | </cst/Boundaries/> Up^X | $NFSMaterial$ | n/a | no | normal.vacuum. | boundary. | n/a | FIT_TD
1 | 9 | </cst/Boundaries/> Up^Y | $NFSMaterial$ | n/a | no | normal.vacuum. | boundary. | n/a | FIT_TD
1 | 10 | </cst/Boundaries/> Up^Z | $NFSMaterial$ | n/a | no | normal.vacuum. | boundary. | n/a | FIT_TD
2 | 3 | </cst/Ports/> 1^t0 | Aluminum | n/a | no | pec.rho.surface-impedance. | edge-element.wire. | n/a | FIT_TD
2 | 4 | </cst/Ports/> 1^t1 | Aluminum | n/a | no | pec.rho.surface-impedance. | edge-element.wire. | n/a | FIT_TD
3 | 1 | component1:Dipole | Aluminum | n/a | yes | pec.rho.surface-impedance. | solid. | n/a | FIT_TD
3 | 2 | component1:Dipole (Lump 2) | Aluminum | n/a | yes | pec.rho.surface-impedance. | solid. | n/a | FIT_TD
=========================================
************************************************************************************************
General settings
	PBA version: default
------------------------------------------------------------------------------------------------
Geometry processor: default
	Geo accuracy: 58.000000
	Watertightness check: true
	Self intersection check: false
	Inheritance (all): false
	Normal dominance (all): false
	Normal dominance (ports): false
	Flanges hollow: true
	One shape per flange: false
	Multi threading: true
		max # of threads used: 16
		requested max # of threads: 16
		representation: indexed
		method: multi thread
		retry: no
------------------------------------------------------------------------------------------------
CAD processing settings are set to default
------------------------------------------------------------------------------------------------
Connectivity settings
	Workflow selection: 0
	Workflow version: 20190101
	Gap detection: true
	Gap detection version: 2
	TST version: 2
	QQ workflow: true
	CoCo workflow: true
	Legacy topology: false
	Connectivity check: true
------------------------------------------------------------------------------------------------
------------------------------------------------------------------------------------------------
CAD Processing Version Info
	ACIS version installed:	33.0.1
	ACIS version used:	33.0.1
------------------------------------------------------------------------------------------------
Success method:	fb-multi-thread-22
************************************************************************************************

=======================
Finished CAD processing
=======================

<<<<<<<<<<<<<<<<<<<<<<<<<<<<<<<<<<<<<<<<<<
Wed Wed Jan  8 10:01:51 2025
Resource usage for processing CAD model:
	Runtime                 00:00:00.00104
	Peak Memory Usage:               19 MB
<<<<<<<<<<<<<<<<<<<<<<<<<<<<<<<<<<<<<<<<<<

------------------------------------------------------------
Parallelization Info
------------------------------------------------------------
Hyperthreading active: true
Hyperthreading used: false
Number of concurrent threads: 4
Number of concurrent threads using GPU: 0
Number of node domains: 4
Domains-to-threads scaling: 2
Average FI domain size: 1e+04
Nice mode: true
Delayed matrix calculation start: false
Load balancing: Version 20090403
Number of mesh fill domains: 8
Memory downscale: 1
Shared memory representation: none
CPU load: 50.00%
Emptiness: 0.00%
Hex mesh complexity: 0.10686
Geometric complexity: 0.00844
lower size limit of domain (1D): 60
------------------------------------------------------------
Node order
2, 3, 1, 0
------------------------------------------------------------

------------------------------------------------------------------
Matrix calculation job submit section 0
Currently running jobs: 0
Waiting jobs: 4
Concurrency for section: 4/4
Memory physically installed: 16.5394 GB
Memory currently available: 7.91248 GB
Memory already used: 8.62691 GB
Matrix calculation @ 1xN-Node 0002
	Mesh coverage: 3032400.00 %
	Estimated peak memory usage per node: 41 MB, tightness: 0.52 %
	GPU acceleration: off
	Processor group: 0
Matrix calculation @ 1xN-Node 0003
	Mesh coverage: 3032400.00 %
	Estimated peak memory usage per node: 41 MB, tightness: 0.52 %
	GPU acceleration: off
	Processor group: 1
Matrix calculation @ 1xN-Node 0001
	Mesh coverage: 2584000.00 %
	Estimated peak memory usage per node: 41 MB, tightness: 0.52 %
	GPU acceleration: off
	Processor group: 2
Matrix calculation @ 1xN-Node 0000
	Mesh coverage: 2454800.00 %
	Estimated peak memory usage per node: 41 MB, tightness: 0.52 %
	GPU acceleration: off
	Processor group: 3
Node distribution on 8 numa nodes: 1 - 1 - 1 - 1 - 0 - 0 - 0 - 0
------------------------------------------------------------------

------------------------------------
Mesh: # of points excl. TSTs: 114075
      # of points incl. TSTs: 114075
------------------------------------

===========================================
Data rearrangement statistics:
Disk IO directories:	00:00:00.0008
Disk IO node domain files:	00:00:00.0164
Disk IO FI domain files:	00:00:00.0000
Disk IO meta information:	00:00:00.0013
Sequential merge (TST):	00:00:00.0000
===========================================

1xN000:  ========================================================================
         [Boundaries] - MCalc
         open-add-space, mpi, open-add-space, open-add-space, open-add-space, mpi
         ========================================================================

1xN000:  ========================================
         [Mesh] Matrix calculation - NO ACIS mode
         [Mesh] 1xN MPI or parallelization mode
         ========================================

1xN000:  =============================
         [Mesh] Expansion: 0 2 0 0 0 2
         =============================

1xN000:  ==================================================
         [Mesh] world: o(0000,0000,0000) e(0075,0039,0039)
         [Mesh] l-1xN: o(0000,0000,0000) e(0035,0039,0020)
         [Mesh] e-1xN: o(0000,0000,0000) e(0037,0039,0022)
         [Mesh] g-MPI: not available
         [Mesh] bound offset: (0 | 2 | 0)
         ==================================================

1xN000:  =================================================================================
          - hardware info
            + cpu name                    : AMD Ryzen 7 5800H with Radeon Graphics
            + sockets                     : 1
            + cores per socket            : 8
            + hyperthreading              : on
            + ht-units                    : 2
            + max cpuid level             : 13
            + max cpuid ext. level        : 35
            + numa nodes                  : 1
            + sub numa nodes              : 8
            + internal cpu info           : CPUID: selected engine is 'Leaf 0xB detection'
         apic ids           : 0, 1, 2, 3, 4, 5, 6, 7, 8, 9, 10, 11, 12, 13, 14, 15
         apic ids (fallback): 0, 1, 2, 3, 4, 5, 6, 7, 8, 9, 10, 11, 12, 13, 14, 15
         from cpu registers: 0, 1, 2, 3, 4, 5, 6, 7, 8, 9, 10, 11, 12, 13, 14, 15
         fallback: 0, 1, 2, 3, 4, 5, 6, 7, 8, 9, 10, 11, 12, 13, 14, 15
         combined: 0, 1, 2, 3, 4, 5, 6, 7, 8, 9, 10, 11, 12, 13, 14, 15
         max id per cpu: 16
         SMT mask: 1
         Core mask: e
         Package mask: fffffff0
         set results:
           - packages: 1
           - cores: 8
           - smts: 2
         generate core map, new implementation
         0, 1, 2, 3, 4, 5, 6, 7, 8, 9, 10, 11, 12, 13, 14, 15
         packages: 1
         cores   : 8
         ht units: 2
          - pinning rule in use   : PINNING_RULE_MCALC_SKIP_ALL
          - desired group         : 3
          - num cores available   : 16
          - active core list from affinity:
            + num accessible procs          : 16
            + num logical procs             : 16
            + current affinity (env)        : 0,1,2,3,4,5,6,7,8,9,10,11,12,13,14,15
            + sockets ids in                : 0
            + core list                  (1): 0,1,2,3,4,5,6,7,8,9,10,11,12,13,14,15
          - active cores          : 0,1,2,3,4,5,6,7,8,9,10,11,12,13,14,15
          - hyperthreading        : on
          - allowed core ids      :
          - allowed core ids (aff): 00000000 00000000
          - pinning failed: no core defined in affinity mask
          - used mask (string)    : 00000000 00000000
         =================================================================================

1xN000:  ===================================================================================================
         Version: 2024.0 Release from 2023-09-01 (change 1164796) [Release]
         Workflow: PBA matrix coefficients
         Operation: [fpba, meshfill, bg, port-path, tst, tst-nextgen, coeff, surface-imp, connectivity-tree]
         Architecture: Windows, ID: AMD64
         System Windows-64bit
         Using processor group 3/1
         Matrix calculation information:
         # of Nodes: 4
         Concurrency: 4
         Start ID: 3
         Node ID: 0
         HEX Mesh information:
         Hex mesh: node: [hxr o(0 | 0 | 0) s(35 | 39 | 20) np (no TSTs): 27300]
         Hex mesh: extended: [hxr o(0 | 0 | 0) s(37 | 39 | 22) np (no TSTs): 31746]
         ===================================================================================================

1xN000:  -----------------------------------------------------
         Memory status on node "1xN000" for matrix calculation
         	Estimated memory consumption: 0.0410211 GB
         	Physical memory installed: 16.5394 GB
         	Available physical memory: 7.87912 GB
         	Available relative memory: 47.6385 %
         -----------------------------------------------------

1xN000:  >>>>>>>>>>>>>>>>>>>>>>>>>>>>>>>>>>>>>>>>>>>>>>>>>
         Wed Wed Jan  8 10:01:52 2025
         started: calculating matrix coefficients per node
         >>>>>>>>>>>>>>>>>>>>>>>>>>>>>>>>>>>>>>>>>>>>>>>>>

1xN000:  ============================================================
         Matrix computation (PBA)
         	[Perfect Boundary Approximation (PBA), version: default]
         	[GPU acceleration: off (by user)]
         Version: 2024.0 Release from 2023-09-01 (change 1164796)
         PBA version 2023101624
         Sub-Workflow: FARM-1xN-TST2-Node
         Workflow updated: -
         Wed Wed Jan  8 10:01:52 2025
         ============================================================

1xN000:  ----------------------------------------------
         Used point accuracy enhancement value: 58.00%.
         ----------------------------------------------

1xN000:  -------------------------------------------------
         Geometry representation: compact
         Shared memory: none
         FARM allocation scheme: PA
         Parallelization: on, used

1xN000:  Gap-Detection activated for FARM-topology. Gaps are resolved, even partially.: gap tolerance value is 0.001000 and mesh geometry scale is 0.001000
1xN000:
1xN000:



>2025-00-08 10:01:52.00689< matrixcalc_AMD64 @ HANDY: 1xN000:  !!!!!!!!!!!!!!!!!!!!!!!!!!!!!!!!!!!!!!!
                                                               current system memory usage reached 55%
                                                               !!!!!!!!!!!!!!!!!!!!!!!!!!!!!!!!!!!!!!!

1xN000:  ----------------------
         Acceleration mode: CPU
         ----------------------

1xN000:  Port homogenization method: M2H point index deviation
1xN000:  cccccccccccccccccccccccccccccccccccccccccccccccccccccccccccccccccccc
         FARM/Meshfill cache is set to 8 (local FI domains: 4, dynamic: true)
         cccccccccccccccccccccccccccccccccccccccccccccccccccccccccccccccccccc

1xN000:  =============================================================
         Hex cell analyzer settings:
         	max number of E fields per mesh edge: 2
         	max number of H fields per mesh face: 4
         	supporting dual grid: false
         	performance improvement: ROI limit: true
         	performance improvement: ROI threshold: 2
         	performance improvement: single topology extraction: true
         	performance improvement: pre-categorize cell volume: true
         	periodic align: 0
         	periodic cells: true
         	homogenization version: pid
         =============================================================

1xN000:  -------------------
         TST Statistics:
         E Split (0 | 0 | 0)
         E Adapt (0 | 0 | 0)
         B Split (0 | 0 | 0)
         B Adapt (0 | 0 | 0)
         -------------------

1xN000:  ssssssssssssssssssssssssssssssssssssssssss
         # of curls with SI accuracy enhancement: 0
         ssssssssssssssssssssssssssssssssssssssssss

1xN000:  ------------------------------------------------------------------------------
         PBA fill limit is applied in inverse mode.
         PBA fill limit is applied on faces filled with at least 98.81% metal material.
         --------------------------------------------------------------
         detailed accuracy settings:
         --------------------------------------------------------------
         augmented fill limit:       true
         augmented fill limit value: 98.81
         automatic fill limit:       true
         early fill limit:           true
         inverse fill limit:         true
         model complexity:           0.00
         legacy 2015:                false
         fixed point accuracy:       false
         minimum point accuracy:     0
         mesh step inheritance:      false
         accuracy mode:
         ------------------------------------------------------------------------------

1xN000:  =================================
         Finished matrix computation (PBA)
         =================================

1xN000:  <<<<<<<<<<<<<<<<<<<<<<<<<<<<<<<<<<<<<<<<<<<<<<<<<<<<<<<<<<<<
         Wed Wed Jan  8 10:01:54 2025
         Resource usage for calculating matrix coefficients per node:
         	Runtime                          00:00:01.00808
         	Peak Memory Estimation:                   41 MB
         	Peak Memory Usage:                        35 MB
         <<<<<<<<<<<<<<<<<<<<<<<<<<<<<<<<<<<<<<<<<<<<<<<<<<<<<<<<<<<<



1xN001:  ========================================================================
         [Boundaries] - MCalc
         open-add-space, mpi, open-add-space, open-add-space, mpi, open-add-space
         ========================================================================

1xN001:  ========================================
         [Mesh] Matrix calculation - NO ACIS mode
         [Mesh] 1xN MPI or parallelization mode
         ========================================

1xN001:  ==============================
         [Mesh] Expansion: 0 2 0 0 -2 0
         ==============================

1xN001:  ==================================================
         [Mesh] world: o(0000,0000,0000) e(0075,0039,0039)
         [Mesh] l-1xN: o(0000,0000,0018) e(0035,0039,0039)
         [Mesh] e-1xN: o(0000,0000,0016) e(0037,0039,0039)
         [Mesh] g-MPI: not available
         [Mesh] bound offset: (0 | 2 | 0)
         ==================================================

1xN001:  =================================================================================
          - hardware info
            + cpu name                    : AMD Ryzen 7 5800H with Radeon Graphics
            + sockets                     : 1
            + cores per socket            : 8
            + hyperthreading              : on
            + ht-units                    : 2
            + max cpuid level             : 13
            + max cpuid ext. level        : 35
            + numa nodes                  : 1
            + sub numa nodes              : 8
            + internal cpu info           : CPUID: selected engine is 'Leaf 0xB detection'
         apic ids           : 0, 1, 2, 3, 4, 5, 6, 7, 8, 9, 10, 11, 12, 13, 14, 15
         apic ids (fallback): 0, 1, 2, 3, 4, 5, 6, 7, 8, 9, 10, 11, 12, 13, 14, 15
         from cpu registers: 0, 1, 2, 3, 4, 5, 6, 7, 8, 9, 10, 11, 12, 13, 14, 15
         fallback: 0, 1, 2, 3, 4, 5, 6, 7, 8, 9, 10, 11, 12, 13, 14, 15
         combined: 0, 1, 2, 3, 4, 5, 6, 7, 8, 9, 10, 11, 12, 13, 14, 15
         max id per cpu: 16
         SMT mask: 1
         Core mask: e
         Package mask: fffffff0
         set results:
           - packages: 1
           - cores: 8
           - smts: 2
         generate core map, new implementation
         0, 1, 2, 3, 4, 5, 6, 7, 8, 9, 10, 11, 12, 13, 14, 15
         packages: 1
         cores   : 8
         ht units: 2
          - pinning rule in use   : PINNING_RULE_MCALC_SKIP_ALL
          - desired group         : 2
          - num cores available   : 16
          - active core list from affinity:
            + num accessible procs          : 16
            + num logical procs             : 16
            + current affinity (env)        : 0,1,2,3,4,5,6,7,8,9,10,11,12,13,14,15
            + sockets ids in                : 0
            + core list                  (1): 0,1,2,3,4,5,6,7,8,9,10,11,12,13,14,15
          - active cores          : 0,1,2,3,4,5,6,7,8,9,10,11,12,13,14,15
          - hyperthreading        : on
          - allowed core ids      :
          - allowed core ids (aff): 00000000 00000000
          - pinning failed: no core defined in affinity mask
          - used mask (string)    : 00000000 00000000
         =================================================================================

1xN001:  ===================================================================================================
         Version: 2024.0 Release from 2023-09-01 (change 1164796) [Release]
         Workflow: PBA matrix coefficients
         Operation: [fpba, meshfill, bg, port-path, tst, tst-nextgen, coeff, surface-imp, connectivity-tree]
         Architecture: Windows, ID: AMD64
         System Windows-64bit
         Using processor group 2/1
         Matrix calculation information:
         # of Nodes: 4
         Concurrency: 4
         Start ID: 2
         Node ID: 1
         HEX Mesh information:
         Hex mesh: node: [hxr o(0 | 0 | 18) s(35 | 39 | 21) np (no TSTs): 28665]
         Hex mesh: extended: [hxr o(0 | 0 | 16) s(37 | 39 | 23) np (no TSTs): 33189]
         ===================================================================================================

1xN001:  -----------------------------------------------------
         Memory status on node "1xN001" for matrix calculation
         	Estimated memory consumption: 0.0410211 GB
         	Physical memory installed: 16.5394 GB
         	Available physical memory: 7.87887 GB
         	Available relative memory: 47.637 %
         -----------------------------------------------------

1xN001:  >>>>>>>>>>>>>>>>>>>>>>>>>>>>>>>>>>>>>>>>>>>>>>>>>
         Wed Wed Jan  8 10:01:52 2025
         started: calculating matrix coefficients per node
         >>>>>>>>>>>>>>>>>>>>>>>>>>>>>>>>>>>>>>>>>>>>>>>>>

1xN001:  ============================================================
         Matrix computation (PBA)
         	[Perfect Boundary Approximation (PBA), version: default]
         	[GPU acceleration: off (by user)]
         Version: 2024.0 Release from 2023-09-01 (change 1164796)
         PBA version 2023101624
         Sub-Workflow: FARM-1xN-TST2-Node
         Workflow updated: -
         Wed Wed Jan  8 10:01:52 2025
         ============================================================

1xN001:  ----------------------------------------------
         Used point accuracy enhancement value: 58.00%.
         ----------------------------------------------

1xN001:  -------------------------------------------------
         Geometry representation: compact
         Shared memory: none
         FARM allocation scheme: PA
         Parallelization: on, used

1xN001:  Gap-Detection activated for FARM-topology. Gaps are resolved, even partially.: gap tolerance value is 0.001000 and mesh geometry scale is 0.001000
1xN001:
1xN001:



>2025-00-08 10:01:52.00547< matrixcalc_AMD64 @ HANDY: 1xN001:  !!!!!!!!!!!!!!!!!!!!!!!!!!!!!!!!!!!!!!!
                                                               current system memory usage reached 55%
                                                               !!!!!!!!!!!!!!!!!!!!!!!!!!!!!!!!!!!!!!!

1xN001:  ----------------------
         Acceleration mode: CPU
         ----------------------

1xN001:  Port homogenization method: M2H point index deviation
1xN001:  cccccccccccccccccccccccccccccccccccccccccccccccccccccccccccccccccccc
         FARM/Meshfill cache is set to 8 (local FI domains: 4, dynamic: true)
         cccccccccccccccccccccccccccccccccccccccccccccccccccccccccccccccccccc

1xN001:  =============================================================
         Hex cell analyzer settings:
         	max number of E fields per mesh edge: 2
         	max number of H fields per mesh face: 4
         	supporting dual grid: false
         	performance improvement: ROI limit: true
         	performance improvement: ROI threshold: 2
         	performance improvement: single topology extraction: true
         	performance improvement: pre-categorize cell volume: true
         	periodic align: 0
         	periodic cells: true
         	homogenization version: pid
         =============================================================

1xN001:  -------------------
         TST Statistics:
         E Split (0 | 0 | 0)
         E Adapt (0 | 0 | 0)
         B Split (0 | 0 | 0)
         B Adapt (0 | 0 | 0)
         -------------------

1xN001:  ssssssssssssssssssssssssssssssssssssssssss
         # of curls with SI accuracy enhancement: 0
         ssssssssssssssssssssssssssssssssssssssssss

1xN001:  ------------------------------------------------------------------------------
         PBA fill limit is applied in inverse mode.
         PBA fill limit is applied on faces filled with at least 98.81% metal material.
         --------------------------------------------------------------
         detailed accuracy settings:
         --------------------------------------------------------------
         augmented fill limit:       true
         augmented fill limit value: 98.81
         automatic fill limit:       true
         early fill limit:           true
         inverse fill limit:         true
         model complexity:           0.00
         legacy 2015:                false
         fixed point accuracy:       false
         minimum point accuracy:     0
         mesh step inheritance:      false
         accuracy mode:
         ------------------------------------------------------------------------------

1xN001:  =================================
         Finished matrix computation (PBA)
         =================================

1xN001:  <<<<<<<<<<<<<<<<<<<<<<<<<<<<<<<<<<<<<<<<<<<<<<<<<<<<<<<<<<<<
         Wed Wed Jan  8 10:01:54 2025
         Resource usage for calculating matrix coefficients per node:
         	Runtime                          00:00:01.00922
         	Peak Memory Estimation:                   41 MB
         	Peak Memory Usage:                        36 MB
         <<<<<<<<<<<<<<<<<<<<<<<<<<<<<<<<<<<<<<<<<<<<<<<<<<<<<<<<<<<<



1xN002:  ========================================================================
         [Boundaries] - MCalc
         mpi, mpi, open-add-space, open-add-space, open-add-space, open-add-space
         ========================================================================

1xN002:  ========================================
         [Mesh] Matrix calculation - NO ACIS mode
         [Mesh] 1xN MPI or parallelization mode
         ========================================

1xN002:  ==============================
         [Mesh] Expansion: -2 2 0 0 0 0
         ==============================

1xN002:  ==================================================
         [Mesh] world: o(0000,0000,0000) e(0075,0039,0039)
         [Mesh] l-1xN: o(0033,0000,0000) e(0055,0039,0039)
         [Mesh] e-1xN: o(0031,0000,0000) e(0057,0039,0039)
         [Mesh] g-MPI: not available
         [Mesh] bound offset: (-2 | 2 | 0)
         ==================================================

1xN002:  =================================================================================
          - hardware info
            + cpu name                    : AMD Ryzen 7 5800H with Radeon Graphics
            + sockets                     : 1
            + cores per socket            : 8
            + hyperthreading              : on
            + ht-units                    : 2
            + max cpuid level             : 13
            + max cpuid ext. level        : 35
            + numa nodes                  : 1
            + sub numa nodes              : 8
            + internal cpu info           : CPUID: selected engine is 'Leaf 0xB detection'
         apic ids           : 0, 1, 2, 3, 4, 5, 6, 7, 8, 9, 10, 11, 12, 13, 14, 15
         apic ids (fallback): 0, 1, 2, 3, 4, 5, 6, 7, 8, 9, 10, 11, 12, 13, 14, 15
         from cpu registers: 0, 1, 2, 3, 4, 5, 6, 7, 8, 9, 10, 11, 12, 13, 14, 15
         fallback: 0, 1, 2, 3, 4, 5, 6, 7, 8, 9, 10, 11, 12, 13, 14, 15
         combined: 0, 1, 2, 3, 4, 5, 6, 7, 8, 9, 10, 11, 12, 13, 14, 15
         max id per cpu: 16
         SMT mask: 1
         Core mask: e
         Package mask: fffffff0
         set results:
           - packages: 1
           - cores: 8
           - smts: 2
         generate core map, new implementation
         0, 1, 2, 3, 4, 5, 6, 7, 8, 9, 10, 11, 12, 13, 14, 15
         packages: 1
         cores   : 8
         ht units: 2
          - pinning rule in use   : PINNING_RULE_MCALC_SKIP_ALL
          - desired group         : 0
          - num cores available   : 16
          - active core list from affinity:
            + num accessible procs          : 16
            + num logical procs             : 16
            + current affinity (env)        : 0,1,2,3,4,5,6,7,8,9,10,11,12,13,14,15
            + sockets ids in                : 0
            + core list                  (1): 0,1,2,3,4,5,6,7,8,9,10,11,12,13,14,15
          - active cores          : 0,1,2,3,4,5,6,7,8,9,10,11,12,13,14,15
          - hyperthreading        : on
          - skip pinning: + allowed number of sockets = available number of sockets
                          + hyperthreading allowed by solver
         =================================================================================

1xN002:  ===================================================================================================
         Version: 2024.0 Release from 2023-09-01 (change 1164796) [Release]
         Workflow: PBA matrix coefficients
         Operation: [fpba, meshfill, bg, port-path, tst, tst-nextgen, coeff, surface-imp, connectivity-tree]
         Architecture: Windows, ID: AMD64
         System Windows-64bit
         Using processor group 0/1
         Matrix calculation information:
         # of Nodes: 4
         Concurrency: 4
         Start ID: 0
         Node ID: 2
         HEX Mesh information:
         Hex mesh: node: [hxr o(33 | 0 | 0) s(22 | 39 | 39) np (no TSTs): 33462]
         Hex mesh: extended: [hxr o(31 | 0 | 0) s(26 | 39 | 39) np (no TSTs): 39546]
         ===================================================================================================

1xN002:  -----------------------------------------------------
         Memory status on node "1xN002" for matrix calculation
         	Estimated memory consumption: 0.0410422 GB
         	Physical memory installed: 16.5394 GB
         	Available physical memory: 7.87913 GB
         	Available relative memory: 47.6386 %
         -----------------------------------------------------

1xN002:  >>>>>>>>>>>>>>>>>>>>>>>>>>>>>>>>>>>>>>>>>>>>>>>>>
         Wed Wed Jan  8 10:01:52 2025
         started: calculating matrix coefficients per node
         >>>>>>>>>>>>>>>>>>>>>>>>>>>>>>>>>>>>>>>>>>>>>>>>>

1xN002:  ============================================================
         Matrix computation (PBA)
         	[Perfect Boundary Approximation (PBA), version: default]
         	[GPU acceleration: off (by user)]
         Version: 2024.0 Release from 2023-09-01 (change 1164796)
         PBA version 2023101624
         Sub-Workflow: FARM-1xN-TST2-Node
         Workflow updated: -
         Wed Wed Jan  8 10:01:52 2025
         ============================================================

1xN002:  ----------------------------------------------
         Used point accuracy enhancement value: 58.00%.
         ----------------------------------------------

1xN002:  -------------------------------------------------
         Geometry representation: compact
         Shared memory: none
         FARM allocation scheme: PA
         Parallelization: on, used

1xN002:  Gap-Detection activated for FARM-topology. Gaps are resolved, even partially.: gap tolerance value is 0.001000 and mesh geometry scale is 0.001000
1xN002:
1xN002:



>2025-00-08 10:01:52.00512< matrixcalc_AMD64 @ HANDY: 1xN002:  !!!!!!!!!!!!!!!!!!!!!!!!!!!!!!!!!!!!!!!
                                                               current system memory usage reached 55%
                                                               !!!!!!!!!!!!!!!!!!!!!!!!!!!!!!!!!!!!!!!

1xN002:  ----------------------
         Acceleration mode: CPU
         ----------------------

1xN002:  Port homogenization method: M2H point index deviation
1xN002:  cccccccccccccccccccccccccccccccccccccccccccccccccccccccccccccccccccc
         FARM/Meshfill cache is set to 8 (local FI domains: 8, dynamic: true)
         cccccccccccccccccccccccccccccccccccccccccccccccccccccccccccccccccccc

1xN002:  =============================================================
         Hex cell analyzer settings:
         	max number of E fields per mesh edge: 2
         	max number of H fields per mesh face: 4
         	supporting dual grid: false
         	performance improvement: ROI limit: true
         	performance improvement: ROI threshold: 2
         	performance improvement: single topology extraction: true
         	performance improvement: pre-categorize cell volume: true
         	periodic align: 0
         	periodic cells: true
         	homogenization version: pid
         =============================================================

1xN002:  -------------------
         TST Statistics:
         E Split (0 | 0 | 0)
         E Adapt (0 | 0 | 0)
         B Split (0 | 0 | 0)
         B Adapt (0 | 0 | 0)
         -------------------

1xN002:  ssssssssssssssssssssssssssssssssssssssssss
         # of curls with SI accuracy enhancement: 0
         ssssssssssssssssssssssssssssssssssssssssss

1xN002:  ------------------------------------------------------------------------------
         PBA fill limit is applied in inverse mode.
         PBA fill limit is applied on faces filled with at least 98.81% metal material.
         --------------------------------------------------------------
         detailed accuracy settings:
         --------------------------------------------------------------
         augmented fill limit:       true
         augmented fill limit value: 98.81
         automatic fill limit:       true
         early fill limit:           true
         inverse fill limit:         true
         model complexity:           0.00
         legacy 2015:                false
         fixed point accuracy:       false
         minimum point accuracy:     0
         mesh step inheritance:      false
         accuracy mode:
         ------------------------------------------------------------------------------

1xN002:  discrete edge port "1" is connected to metal material.
1xN002:  ----------------------------------------------------------------
         The following discrete edge port is connected to metal material:
         	1
         ----------------------------------------------------------------

1xN002:  =================================
         Finished matrix computation (PBA)
         =================================

1xN002:  <<<<<<<<<<<<<<<<<<<<<<<<<<<<<<<<<<<<<<<<<<<<<<<<<<<<<<<<<<<<
         Wed Wed Jan  8 10:01:54 2025
         Resource usage for calculating matrix coefficients per node:
         	Runtime                          00:00:02.00388
         	Peak Memory Estimation:                   41 MB
         	Peak Memory Usage:                        44 MB
         <<<<<<<<<<<<<<<<<<<<<<<<<<<<<<<<<<<<<<<<<<<<<<<<<<<<<<<<<<<<



1xN003:  ===================================================================================
         [Boundaries] - MCalc
         mpi, open-add-space, open-add-space, open-add-space, open-add-space, open-add-space
         ===================================================================================

1xN003:  ========================================
         [Mesh] Matrix calculation - NO ACIS mode
         [Mesh] 1xN MPI or parallelization mode
         ========================================

1xN003:  ==============================
         [Mesh] Expansion: -2 0 0 0 0 0
         ==============================

1xN003:  ==================================================
         [Mesh] world: o(0000,0000,0000) e(0075,0039,0039)
         [Mesh] l-1xN: o(0053,0000,0000) e(0075,0039,0039)
         [Mesh] e-1xN: o(0051,0000,0000) e(0075,0039,0039)
         [Mesh] g-MPI: not available
         [Mesh] bound offset: (-2 | 0 | 0)
         ==================================================

1xN003:  =================================================================================
          - hardware info
            + cpu name                    : AMD Ryzen 7 5800H with Radeon Graphics
            + sockets                     : 1
            + cores per socket            : 8
            + hyperthreading              : on
            + ht-units                    : 2
            + max cpuid level             : 13
            + max cpuid ext. level        : 35
            + numa nodes                  : 1
            + sub numa nodes              : 8
            + internal cpu info           : CPUID: selected engine is 'Leaf 0xB detection'
         apic ids           : 0, 1, 2, 3, 4, 5, 6, 7, 8, 9, 10, 11, 12, 13, 14, 15
         apic ids (fallback): 0, 1, 2, 3, 4, 5, 6, 7, 8, 9, 10, 11, 12, 13, 14, 15
         from cpu registers: 0, 1, 2, 3, 4, 5, 6, 7, 8, 9, 10, 11, 12, 13, 14, 15
         fallback: 0, 1, 2, 3, 4, 5, 6, 7, 8, 9, 10, 11, 12, 13, 14, 15
         combined: 0, 1, 2, 3, 4, 5, 6, 7, 8, 9, 10, 11, 12, 13, 14, 15
         max id per cpu: 16
         SMT mask: 1
         Core mask: e
         Package mask: fffffff0
         set results:
           - packages: 1
           - cores: 8
           - smts: 2
         generate core map, new implementation
         0, 1, 2, 3, 4, 5, 6, 7, 8, 9, 10, 11, 12, 13, 14, 15
         packages: 1
         cores   : 8
         ht units: 2
          - pinning rule in use   : PINNING_RULE_MCALC_SKIP_ALL
          - desired group         : 1
          - num cores available   : 16
          - active core list from affinity:
            + num accessible procs          : 16
            + num logical procs             : 16
            + current affinity (env)        : 0,1,2,3,4,5,6,7,8,9,10,11,12,13,14,15
            + sockets ids in                : 0
            + core list                  (1): 0,1,2,3,4,5,6,7,8,9,10,11,12,13,14,15
          - active cores          : 0,1,2,3,4,5,6,7,8,9,10,11,12,13,14,15
          - hyperthreading        : on
          - allowed core ids      :
          - allowed core ids (aff): 00000000 00000000
          - pinning failed: no core defined in affinity mask
          - used mask (string)    : 00000000 00000000
         =================================================================================

1xN003:  ===================================================================================================
         Version: 2024.0 Release from 2023-09-01 (change 1164796) [Release]
         Workflow: PBA matrix coefficients
         Operation: [fpba, meshfill, bg, port-path, tst, tst-nextgen, coeff, surface-imp, connectivity-tree]
         Architecture: Windows, ID: AMD64
         System Windows-64bit
         Using processor group 1/1
         Matrix calculation information:
         # of Nodes: 4
         Concurrency: 4
         Start ID: 1
         Node ID: 3
         HEX Mesh information:
         Hex mesh: node: [hxr o(53 | 0 | 0) s(22 | 39 | 39) np (no TSTs): 33462]
         Hex mesh: extended: [hxr o(51 | 0 | 0) s(24 | 39 | 39) np (no TSTs): 36504]
         ===================================================================================================

1xN003:  -----------------------------------------------------
         Memory status on node "1xN003" for matrix calculation
         	Estimated memory consumption: 0.0410211 GB
         	Physical memory installed: 16.5394 GB
         	Available physical memory: 7.87913 GB
         	Available relative memory: 47.6386 %
         -----------------------------------------------------

1xN003:  >>>>>>>>>>>>>>>>>>>>>>>>>>>>>>>>>>>>>>>>>>>>>>>>>
         Wed Wed Jan  8 10:01:52 2025
         started: calculating matrix coefficients per node
         >>>>>>>>>>>>>>>>>>>>>>>>>>>>>>>>>>>>>>>>>>>>>>>>>

1xN003:  ============================================================
         Matrix computation (PBA)
         	[Perfect Boundary Approximation (PBA), version: default]
         	[GPU acceleration: off (by user)]
         Version: 2024.0 Release from 2023-09-01 (change 1164796)
         PBA version 2023101624
         Sub-Workflow: FARM-1xN-TST2-Node
         Workflow updated: -
         Wed Wed Jan  8 10:01:52 2025
         ============================================================

1xN003:  ----------------------------------------------
         Used point accuracy enhancement value: 58.00%.
         ----------------------------------------------

1xN003:  -------------------------------------------------
         Geometry representation: compact
         Shared memory: none
         FARM allocation scheme: PA
         Parallelization: on, used

1xN003:  Gap-Detection activated for FARM-topology. Gaps are resolved, even partially.: gap tolerance value is 0.001000 and mesh geometry scale is 0.001000
1xN003:
1xN003:



>2025-00-08 10:01:52.00593< matrixcalc_AMD64 @ HANDY: 1xN003:  !!!!!!!!!!!!!!!!!!!!!!!!!!!!!!!!!!!!!!!
                                                               current system memory usage reached 55%
                                                               !!!!!!!!!!!!!!!!!!!!!!!!!!!!!!!!!!!!!!!

1xN003:  ----------------------
         Acceleration mode: CPU
         ----------------------

1xN003:  Port homogenization method: M2H point index deviation
1xN003:  cccccccccccccccccccccccccccccccccccccccccccccccccccccccccccccccccccc
         FARM/Meshfill cache is set to 8 (local FI domains: 4, dynamic: true)
         cccccccccccccccccccccccccccccccccccccccccccccccccccccccccccccccccccc

1xN003:  =============================================================
         Hex cell analyzer settings:
         	max number of E fields per mesh edge: 2
         	max number of H fields per mesh face: 4
         	supporting dual grid: false
         	performance improvement: ROI limit: true
         	performance improvement: ROI threshold: 2
         	performance improvement: single topology extraction: true
         	performance improvement: pre-categorize cell volume: true
         	periodic align: 0
         	periodic cells: true
         	homogenization version: pid
         =============================================================

1xN003:  -------------------
         TST Statistics:
         E Split (0 | 0 | 0)
         E Adapt (0 | 0 | 0)
         B Split (0 | 0 | 0)
         B Adapt (0 | 0 | 0)
         -------------------

1xN003:  ssssssssssssssssssssssssssssssssssssssssss
         # of curls with SI accuracy enhancement: 0
         ssssssssssssssssssssssssssssssssssssssssss

1xN003:  ------------------------------------------------------------------------------
         PBA fill limit is applied in inverse mode.
         PBA fill limit is applied on faces filled with at least 98.81% metal material.
         --------------------------------------------------------------
         detailed accuracy settings:
         --------------------------------------------------------------
         augmented fill limit:       true
         augmented fill limit value: 98.81
         automatic fill limit:       true
         early fill limit:           true
         inverse fill limit:         true
         model complexity:           0.00
         legacy 2015:                false
         fixed point accuracy:       false
         minimum point accuracy:     0
         mesh step inheritance:      false
         accuracy mode:
         ------------------------------------------------------------------------------

1xN003:  =================================
         Finished matrix computation (PBA)
         =================================

1xN003:  <<<<<<<<<<<<<<<<<<<<<<<<<<<<<<<<<<<<<<<<<<<<<<<<<<<<<<<<<<<<
         Wed Wed Jan  8 10:01:54 2025
         Resource usage for calculating matrix coefficients per node:
         	Runtime                          00:00:01.00725
         	Peak Memory Estimation:                   41 MB
         	Peak Memory Usage:                        34 MB
         <<<<<<<<<<<<<<<<<<<<<<<<<<<<<<<<<<<<<<<<<<<<<<<<<<<<<<<<<<<<



<<<<<<<<<<<<<<<<<<<<<<<<<<<<<<<<<<<<<<<<<<<<<<<
Wed Wed Jan  8 10:01:58 2025
Resource usage for parallelization control:
	Runtime                      00:00:07.00209
<<<<<<<<<<<<<<<<<<<<<<<<<<<<<<<<<<<<<<<<<<<<<<<

------------------------------------------------------------------------------------------------------------------------------
PBAMeshFeedback - InfoMap: 0[ms] - SBCell navigation: Using legacy edges - CornerCorrectionLinesAndWires: 0[ms] - Write: 0[ms]
ConnectivityAXG - Load: 1[ms] - Setup: 0[ms] - Convert: 0[ms] ( Groups: 3 - Shapes: 3 - Threads: 8 ) - Write: 0[ms]
ConnectivityAXG - Load: 1[ms] - Setup: 0[ms] - Convert: 0[ms] ( Groups: 3 - Shapes: 3 - Threads: 8 ) - Write: 0[ms]
------------------------------------------------------------------------------------------------------------------------------

--------------------------------
# of staircase filled cells: 0
# of staircase filled areas: 0
# of staircase filled edges: 0
# of faces above fill limit: 0
# of edges with FPBA topology: 0
--------------------------------

