2025-01-22 23:19:43   Defined reference frequency for open boundary condition (425 MHz) is larger
                      than the lowest relevant system frequency (monitor at 400 MHz).
                      Please check the Settings for PML Boundary (Simulation > Settings > Boundary
                      Conditions > Open Boundary) to ensure accurate monitor results for the lowest
                      frequency of interest. More...

                      ------------------------------------------------------------------------------
2025-01-22 23:19:43   The following farfield monitor(s) have been adjusted to model box [-169.849,
                      169.849, -192.849, 382.849, -12.8492, 52.8492]:
                        farfield (f=400), farfield (f=433), farfield (f=450).
                      For further information please check the page "Special Solver Parameters -
                      Solver" in the Online Help.

                      ------------------------------------------------------------------------------
2025-01-22 23:19:43   
                      Solver started at: 2025-01-22 23:19:43 +0700

                        Module:  Time Domain: S-Parameter (Win 64)
                        Version: 2024.0 Release from 2023-09-01 (change 1164796)

2025-01-22 23:19:43   

                      ------------------------------------------------------------------------------
2025-01-22 23:19:43   

                      ------------------------------------------------------------------------------
2025-01-22 23:19:43   ======================================================================
                       Solver cycle: 1
                      ======================================================================

                      Stimulation at discrete port 1 



                      ------------------------------------------------------------------------------
2025-01-22 23:19:43   Units settings: 

                        Dimensions: mm
                        Frequency:  MHz
                        Time:       ns

                      ------------------------------------------------------------------------------
2025-01-22 23:19:43   The dispersive material update [Automatic] will be performed using the "Standard" update schema

                      ------------------------------------------------------------------------------
2025-01-22 23:20:10   The following discrete edge port is connected to metal material:
                      	1

                      ------------------------------------------------------------------------------
2025-01-22 23:20:11   Mesh statistics:

                         Hexahedral mesh type: Perfect Boundary Approximation (PBA)
                            Version: default

                         Parallelization type: domain decomposition
                            Number of parallel working threads: 14
                            Number of calculation domains used: 24

                         Used point accuracy enhancement value: 0.00%.
                         Acceleration mode: CPU
                         PBA fill limit: 91.91% (inverse)

2025-01-22 23:20:13   Boundary conditions: 

                        YZsymmetry: none
                        XZsymmetry: none
                        XYsymmetry: none

                        Xmin: expanded open, 4 Layer, depth 176.295 mm
                        Xmax: expanded open, 4 Layer, depth 176.295 mm

                        Ymin: expanded open, 4 Layer, depth 176.243 mm
                        Ymax: expanded open, 4 Layer, depth 176.243 mm

                        Zmin: expanded open, 4 Layer, depth 176.243 mm
                        Zmax: expanded open, 4 Layer, depth 176.243 mm

                        PML-Type: Convolution PML

                      ------------------------------------------------------------------------------
2025-01-22 23:20:13   Frequency settings: 

                        Fmin:         400
                        Fmax:         450
                        Nfsteps(lin): 1001

                      ------------------------------------------------------------------------------
2025-01-22 23:20:13   Field update statistics:

                        Number of components in total: 	3257976
                        Number of lossy metal components:	38130

                      Subcycling state:      			Automatically deactivated

                      ------------------------------------------------------------------------------
2025-01-22 23:20:13   Port: 1

2025-01-22 23:20:13     Discrete element, reference impedance = 50 Ohm

                      ------------------------------------------------------------------------------
2025-01-22 23:25:19   
                      --------------------------------------------------------------------------------
2025-01-22 23:25:19   Steady state energy criterion met, solver finished successfully.

                      ------------------------------------------------------------------------------
2025-01-22 23:25:19   Frequency domain results normalized to default signal.


                      ------------------------------------------------------------------------------
2025-01-22 23:25:19   
                        ----------------------------------------------------------------------------
                                            Peak memory used (kB)         Free physical memory (kB) 
                                                                          At begin     Minimum      
                        ----------------------------------------------------------------------------
                        CAD preparation     15648                         7712920      7712920      
                        Matrices calc.      536282                        7125000      6484375      
                        Solver run total    212312                        7724012      7064784      
                        ----------------------------------------------------------------------------

                      --------------------------------------------------------------------------------
                      Solver Statistics:

                        Hardware:
                           Computer name:                 	HANDY 

                           Number of CPU threads:               8
                           Hardware info:                  	Hardware Accelerator Device not activated

                        Number of mesh cells:             	532224
                        Excitation duration:              	1.42181950e+002 ns 
                        Calculation time for excitation:  	0 	s
                        Number of calculated pulse widths:	1.00529 
                        Steady state accuracy limit:      	-40	dB 
                        Simulated number of time steps:   	59251 
                        Maximum number of time steps:     	1178789 
                        Time step width:
                           without subcycles:             	2.412337717e-003 ns
                           used:                          	2.412337717e-003 ns

                        CAD preparation time:             	0      	s
                        Matrix calculation time:          	27 	s
                        Solver setup time:                	4 	s
                        Solver loop time:                 	302 	s
                        Solver post-processing time:      	1 	s
                                                          	------------
                        Total solver time:                	334 	s  ( = 0 h, 5 m, 34 s )

                      ------------------------------------------------------------------------------
2025-01-22 23:25:19   
                        Total solver time (all cycles):      	334    	s  ( = 0 h, 5 m, 34 s )
                        Solver initialization and clean-up:  	2      	s
                                                             	------------
                        Total simulation time:               	336    	s  ( = 0 h, 5 m, 36 s )

                      ------------------------------------------------------------------------------
2025-01-22 23:25:19   Solver finished at: 2025-01-22 23:25:19 +0700



                      ------------------------------------------------------------------------------
2025-01-22 23:25:21   Creating parametric 1D results for Run ID 3

                      ------------------------------------------------------------------------------
