Unknown:
D:\My Code\PYTHON\Tugas_Magang_05\Hasil CST\Dipole_d1\Result\farfield (f=400)_1.fme
D:\My Code\PYTHON\Tugas_Magang_05\Hasil CST\Dipole_d1\Result\farfield (f=433)_1.fme
D:\My Code\PYTHON\Tugas_Magang_05\Hasil CST\Dipole_d1\Result\farfield (f=500)_1.fme
D:\My Code\PYTHON\Tugas_Magang_05\Hasil CST\Dipole_d1\Result\hardware_resources.sconf
D:\My Code\PYTHON\Tugas_Magang_05\Hasil CST\Dipole_d1\Result\MCalc.log
D:\My Code\PYTHON\Tugas_Magang_05\Hasil CST\Dipole_d1\Result\ml_info.log
D:\My Code\PYTHON\Tugas_Magang_05\Hasil CST\Dipole_d1\Result\Model.log
D:\My Code\PYTHON\Tugas_Magang_05\Hasil CST\Dipole_d1\Result\Model.sa
D:\My Code\PYTHON\Tugas_Magang_05\Hasil CST\Dipole_d1\Result\Model.sam
D:\My Code\PYTHON\Tugas_Magang_05\Hasil CST\Dipole_d1\Result\P^s^pm.slog
Mesh:
D:\My Code\PYTHON\Tugas_Magang_05\Hasil CST\Dipole_d1\Result\dA.mat
D:\My Code\PYTHON\Tugas_Magang_05\Hasil CST\Dipole_d1\Result\dad.mat
D:\My Code\PYTHON\Tugas_Magang_05\Hasil CST\Dipole_d1\Result\ds.mat
D:\My Code\PYTHON\Tugas_Magang_05\Hasil CST\Dipole_d1\Result\dsd.mat
D:\My Code\PYTHON\Tugas_Magang_05\Hasil CST\Dipole_d1\Result\dsMCalc.mat
D:\My Code\PYTHON\Tugas_Magang_05\Hasil CST\Dipole_d1\Result\Eps.mat
D:\My Code\PYTHON\Tugas_Magang_05\Hasil CST\Dipole_d1\Result\HexMatrix.m2h
D:\My Code\PYTHON\Tugas_Magang_05\Hasil CST\Dipole_d1\Result\HexMatrix_MCalc.m2h
D:\My Code\PYTHON\Tugas_Magang_05\Hasil CST\Dipole_d1\Result\MCalc.fmp
D:\My Code\PYTHON\Tugas_Magang_05\Hasil CST\Dipole_d1\Result\MCalc.xcfd
D:\My Code\PYTHON\Tugas_Magang_05\Hasil CST\Dipole_d1\Result\MCalcCCS_c.mson
D:\My Code\PYTHON\Tugas_Magang_05\Hasil CST\Dipole_d1\Result\Meta.m2h
D:\My Code\PYTHON\Tugas_Magang_05\Hasil CST\Dipole_d1\Result\Meta.mat
D:\My Code\PYTHON\Tugas_Magang_05\Hasil CST\Dipole_d1\Result\Model-fmf.msqlite
D:\My Code\PYTHON\Tugas_Magang_05\Hasil CST\Dipole_d1\Result\Model.cct
D:\My Code\PYTHON\Tugas_Magang_05\Hasil CST\Dipole_d1\Result\Model.fmf
D:\My Code\PYTHON\Tugas_Magang_05\Hasil CST\Dipole_d1\Result\Model.fmm
D:\My Code\PYTHON\Tugas_Magang_05\Hasil CST\Dipole_d1\Result\Model.fpc
D:\My Code\PYTHON\Tugas_Magang_05\Hasil CST\Dipole_d1\Result\Model.fwf
D:\My Code\PYTHON\Tugas_Magang_05\Hasil CST\Dipole_d1\Result\Model.sic
D:\My Code\PYTHON\Tugas_Magang_05\Hasil CST\Dipole_d1\Result\Model.sid
D:\My Code\PYTHON\Tugas_Magang_05\Hasil CST\Dipole_d1\Result\Model.spi
D:\My Code\PYTHON\Tugas_Magang_05\Hasil CST\Dipole_d1\Result\Model.xcfd
D:\My Code\PYTHON\Tugas_Magang_05\Hasil CST\Dipole_d1\Result\Mue.mat
D:\My Code\PYTHON\Tugas_Magang_05\Hasil CST\Dipole_d1\Result\m^fqq.mem
D:\My Code\PYTHON\Tugas_Magang_05\Hasil CST\Dipole_d1\Result\PEC.mat
D:\My Code\PYTHON\Tugas_Magang_05\Hasil CST\Dipole_d1\Result\Ports.fpt
D:\My Code\PYTHON\Tugas_Magang_05\Hasil CST\Dipole_d1\Result\p^a.mem
D:\My Code\PYTHON\Tugas_Magang_05\Hasil CST\Dipole_d1\Result\p^m.mem
D:\My Code\PYTHON\Tugas_Magang_05\Hasil CST\Dipole_d1\Result\Rho.mat
D:\My Code\PYTHON\Tugas_Magang_05\Hasil CST\Dipole_d1\Result\S2HMatrix.m2h
D:\My Code\PYTHON\Tugas_Magang_05\Hasil CST\Dipole_d1\Result\Shapes.con
D:\My Code\PYTHON\Tugas_Magang_05\Hasil CST\Dipole_d1\Result\s^pm.mem
D:\My Code\PYTHON\Tugas_Magang_05\Hasil CST\Dipole_d1\Result\Hex000\dsMCalc.mat
D:\My Code\PYTHON\Tugas_Magang_05\Hasil CST\Dipole_d1\Result\Hex000\HexMatrix_MCalc.m2h
D:\My Code\PYTHON\Tugas_Magang_05\Hasil CST\Dipole_d1\Result\Hex000\MCalc.fmp
D:\My Code\PYTHON\Tugas_Magang_05\Hasil CST\Dipole_d1\Result\Hex000\MCalc.xcfd
D:\My Code\PYTHON\Tugas_Magang_05\Hasil CST\Dipole_d1\Result\Hex000\Model-fmf.msqlite
D:\My Code\PYTHON\Tugas_Magang_05\Hasil CST\Dipole_d1\Result\Hex000\Model.cct
D:\My Code\PYTHON\Tugas_Magang_05\Hasil CST\Dipole_d1\Result\Hex000\Model.fmf
D:\My Code\PYTHON\Tugas_Magang_05\Hasil CST\Dipole_d1\Result\Hex000\Model.fpc
D:\My Code\PYTHON\Tugas_Magang_05\Hasil CST\Dipole_d1\Result\Hex000\Model.fwf
D:\My Code\PYTHON\Tugas_Magang_05\Hasil CST\Dipole_d1\Result\Hex000\Model.sic
D:\My Code\PYTHON\Tugas_Magang_05\Hasil CST\Dipole_d1\Result\Hex000\Model.spi
D:\My Code\PYTHON\Tugas_Magang_05\Hasil CST\Dipole_d1\Result\Hex000\m^fbqq.mem
D:\My Code\PYTHON\Tugas_Magang_05\Hasil CST\Dipole_d1\Result\Hex000\PEC.mat
D:\My Code\PYTHON\Tugas_Magang_05\Hasil CST\Dipole_d1\Result\Hex000\Ports.fpt
D:\My Code\PYTHON\Tugas_Magang_05\Hasil CST\Dipole_d1\Result\Hex000\S2HMatrix.m2h
D:\My Code\PYTHON\Tugas_Magang_05\Hasil CST\Dipole_d1\Result\Hex000\Shapes.con
D:\My Code\PYTHON\Tugas_Magang_05\Hasil CST\Dipole_d1\Result\Hex001\dsMCalc.mat
D:\My Code\PYTHON\Tugas_Magang_05\Hasil CST\Dipole_d1\Result\Hex001\HexMatrix_MCalc.m2h
D:\My Code\PYTHON\Tugas_Magang_05\Hasil CST\Dipole_d1\Result\Hex001\MCalc.fmp
D:\My Code\PYTHON\Tugas_Magang_05\Hasil CST\Dipole_d1\Result\Hex001\MCalc.xcfd
D:\My Code\PYTHON\Tugas_Magang_05\Hasil CST\Dipole_d1\Result\Hex001\Model-fmf.msqlite
D:\My Code\PYTHON\Tugas_Magang_05\Hasil CST\Dipole_d1\Result\Hex001\Model.cct
D:\My Code\PYTHON\Tugas_Magang_05\Hasil CST\Dipole_d1\Result\Hex001\Model.fmf
D:\My Code\PYTHON\Tugas_Magang_05\Hasil CST\Dipole_d1\Result\Hex001\Model.fpc
D:\My Code\PYTHON\Tugas_Magang_05\Hasil CST\Dipole_d1\Result\Hex001\Model.fwf
D:\My Code\PYTHON\Tugas_Magang_05\Hasil CST\Dipole_d1\Result\Hex001\Model.sic
D:\My Code\PYTHON\Tugas_Magang_05\Hasil CST\Dipole_d1\Result\Hex001\Model.spi
D:\My Code\PYTHON\Tugas_Magang_05\Hasil CST\Dipole_d1\Result\Hex001\m^fbqq.mem
D:\My Code\PYTHON\Tugas_Magang_05\Hasil CST\Dipole_d1\Result\Hex001\PEC.mat
D:\My Code\PYTHON\Tugas_Magang_05\Hasil CST\Dipole_d1\Result\Hex001\Ports.fpt
D:\My Code\PYTHON\Tugas_Magang_05\Hasil CST\Dipole_d1\Result\Hex001\S2HMatrix.m2h
D:\My Code\PYTHON\Tugas_Magang_05\Hasil CST\Dipole_d1\Result\Hex001\Shapes.con
D:\My Code\PYTHON\Tugas_Magang_05\Hasil CST\Dipole_d1\Result\Hex002\dsMCalc.mat
D:\My Code\PYTHON\Tugas_Magang_05\Hasil CST\Dipole_d1\Result\Hex002\HexMatrix_MCalc.m2h
D:\My Code\PYTHON\Tugas_Magang_05\Hasil CST\Dipole_d1\Result\Hex002\MCalc.fmp
D:\My Code\PYTHON\Tugas_Magang_05\Hasil CST\Dipole_d1\Result\Hex002\MCalc.xcfd
D:\My Code\PYTHON\Tugas_Magang_05\Hasil CST\Dipole_d1\Result\Hex002\Model-fmf.msqlite
D:\My Code\PYTHON\Tugas_Magang_05\Hasil CST\Dipole_d1\Result\Hex002\Model.cct
D:\My Code\PYTHON\Tugas_Magang_05\Hasil CST\Dipole_d1\Result\Hex002\Model.fmf
D:\My Code\PYTHON\Tugas_Magang_05\Hasil CST\Dipole_d1\Result\Hex002\Model.fpc
D:\My Code\PYTHON\Tugas_Magang_05\Hasil CST\Dipole_d1\Result\Hex002\Model.fwf
D:\My Code\PYTHON\Tugas_Magang_05\Hasil CST\Dipole_d1\Result\Hex002\Model.sic
D:\My Code\PYTHON\Tugas_Magang_05\Hasil CST\Dipole_d1\Result\Hex002\Model.spi
D:\My Code\PYTHON\Tugas_Magang_05\Hasil CST\Dipole_d1\Result\Hex002\m^fbqq.mem
D:\My Code\PYTHON\Tugas_Magang_05\Hasil CST\Dipole_d1\Result\Hex002\PEC.mat
D:\My Code\PYTHON\Tugas_Magang_05\Hasil CST\Dipole_d1\Result\Hex002\Ports.fpt
D:\My Code\PYTHON\Tugas_Magang_05\Hasil CST\Dipole_d1\Result\Hex002\S2HMatrix.m2h
D:\My Code\PYTHON\Tugas_Magang_05\Hasil CST\Dipole_d1\Result\Hex002\Shapes.con
D:\My Code\PYTHON\Tugas_Magang_05\Hasil CST\Dipole_d1\Result\Hex003\dsMCalc.mat
D:\My Code\PYTHON\Tugas_Magang_05\Hasil CST\Dipole_d1\Result\Hex003\HexMatrix_MCalc.m2h
D:\My Code\PYTHON\Tugas_Magang_05\Hasil CST\Dipole_d1\Result\Hex003\MCalc.fmp
D:\My Code\PYTHON\Tugas_Magang_05\Hasil CST\Dipole_d1\Result\Hex003\MCalc.xcfd
D:\My Code\PYTHON\Tugas_Magang_05\Hasil CST\Dipole_d1\Result\Hex003\Model-fmf.msqlite
D:\My Code\PYTHON\Tugas_Magang_05\Hasil CST\Dipole_d1\Result\Hex003\Model.cct
D:\My Code\PYTHON\Tugas_Magang_05\Hasil CST\Dipole_d1\Result\Hex003\Model.fmf
D:\My Code\PYTHON\Tugas_Magang_05\Hasil CST\Dipole_d1\Result\Hex003\Model.fpc
D:\My Code\PYTHON\Tugas_Magang_05\Hasil CST\Dipole_d1\Result\Hex003\Model.fwf
D:\My Code\PYTHON\Tugas_Magang_05\Hasil CST\Dipole_d1\Result\Hex003\Model.sic
D:\My Code\PYTHON\Tugas_Magang_05\Hasil CST\Dipole_d1\Result\Hex003\Model.spi
D:\My Code\PYTHON\Tugas_Magang_05\Hasil CST\Dipole_d1\Result\Hex003\m^fbqq.mem
D:\My Code\PYTHON\Tugas_Magang_05\Hasil CST\Dipole_d1\Result\Hex003\PEC.mat
D:\My Code\PYTHON\Tugas_Magang_05\Hasil CST\Dipole_d1\Result\Hex003\Ports.fpt
D:\My Code\PYTHON\Tugas_Magang_05\Hasil CST\Dipole_d1\Result\Hex003\S2HMatrix.m2h
D:\My Code\PYTHON\Tugas_Magang_05\Hasil CST\Dipole_d1\Result\Hex003\Shapes.con
Port:
D:\My Code\PYTHON\Tugas_Magang_05\Hasil CST\Dipole_d1\Result\Model.pmi
