2025-01-11 18:26:09   Defined reference frequency for open boundary condition (450 MHz) is larger
                      than the lowest relevant system frequency (monitor at 400 MHz).
                      Please check the Settings for PML Boundary (Simulation > Settings > Boundary
                      Conditions > Open Boundary) to ensure accurate monitor results for the lowest
                      frequency of interest. More...

                      ------------------------------------------------------------------------------
2025-01-11 18:26:09   The following farfield monitor(s) have been adjusted to model box [-169.832,
                      169.832, -6.66333, 224.663, -6.66333, 6.66333]:
                        farfield (f=400), farfield (f=433), farfield (f=500).
                      For further information please check the page "Special Solver Parameters -
                      Solver" in the Online Help.

                      ------------------------------------------------------------------------------
2025-01-11 18:26:10   
                      Solver started at: 2025-01-11 18:26:10 +0700

                        Module:  Time Domain: S-Parameter (Win 64)
                        Version: 2024.0 Release from 2023-09-01 (change 1164796)

2025-01-11 18:26:10   

                      ------------------------------------------------------------------------------
2025-01-11 18:26:10   

                      ------------------------------------------------------------------------------
2025-01-11 18:26:10   ======================================================================
                       Solver cycle: 1
                      ======================================================================

                      Stimulation at discrete port 1 



                      ------------------------------------------------------------------------------
2025-01-11 18:26:10   Units settings: 

                        Dimensions: mm
                        Frequency:  MHz
                        Time:       ns

                      ------------------------------------------------------------------------------
2025-01-11 18:26:10   The dispersive material update [Automatic] will be performed using the "Standard" update schema

                      ------------------------------------------------------------------------------
2025-01-11 18:26:37   The following discrete edge port is connected to metal material:
                      	1

                      ------------------------------------------------------------------------------
2025-01-11 18:26:38   Mesh statistics:

                         Hexahedral mesh type: Perfect Boundary Approximation (PBA)
                            Version: default

                         Parallelization type: domain decomposition
                            Number of parallel working threads: 6
                            Number of calculation domains used: 8

                         Used point accuracy enhancement value: 0.00%.
                         Acceleration mode: CPU
                         PBA fill limit: 97.13% (inverse)

2025-01-11 18:26:41   Boundary conditions: 

                        YZsymmetry: none
                        XZsymmetry: none
                        XYsymmetry: none

                        Xmin: expanded open, 4 Layer, depth 143.633 mm
                        Xmax: expanded open, 4 Layer, depth 143.633 mm

                        Ymin: expanded open, 4 Layer, depth 134.61 mm
                        Ymax: expanded open, 4 Layer, depth 134.61 mm

                        Zmin: expanded open, 4 Layer, depth 134.61 mm
                        Zmax: expanded open, 4 Layer, depth 134.61 mm

                        PML-Type: Convolution PML

                      ------------------------------------------------------------------------------
2025-01-11 18:26:41   Frequency settings: 

                        Fmin:         400
                        Fmax:         500
                        Nfsteps(lin): 1001

                      ------------------------------------------------------------------------------
2025-01-11 18:26:42   Field update statistics:

                        Number of components in total: 	1690099
                        Number of lossy metal components:	14016

                      Subcycling state:      			Automatically deactivated

                      ------------------------------------------------------------------------------
2025-01-11 18:26:42   Port: 1

2025-01-11 18:26:42     Discrete element, reference impedance = 50 Ohm

                      ------------------------------------------------------------------------------
2025-01-11 18:28:49   
                      --------------------------------------------------------------------------------
2025-01-11 18:28:49   Steady state energy criterion met, solver finished successfully.

                      ------------------------------------------------------------------------------
2025-01-11 18:28:49   Frequency domain results normalized to default signal.


                      ------------------------------------------------------------------------------
2025-01-11 18:28:49   
                        ----------------------------------------------------------------------------
                                            Peak memory used (kB)         Free physical memory (kB) 
                                                                          At begin     Minimum      
                        ----------------------------------------------------------------------------
                        CAD preparation     16368                         9070260      9070260      
                        Matrices calc.      258868                        9044921      8789062      
                        Solver run total    149864                        9094132      7788640      
                        ----------------------------------------------------------------------------

                      --------------------------------------------------------------------------------
                      Solver Statistics:

                        Hardware:
                           Computer name:                 	HANDY 

                           Number of CPU threads:               8
                           Hardware info:                  	Hardware Accelerator Device not activated

                        Number of mesh cells:             	274550
                        Excitation duration:              	7.10909750e+001 ns 
                        Calculation time for excitation:  	0 	s
                        Number of calculated pulse widths:	1.00195 
                        Steady state accuracy limit:      	-40	dB 
                        Simulated number of time steps:   	45582 
                        Maximum number of time steps:     	909865 
                        Time step width:
                           without subcycles:             	1.562669725e-003 ns
                           used:                          	1.562669725e-003 ns

                        CAD preparation time:             	0      	s
                        Matrix calculation time:          	28 	s
                        Solver setup time:                	6 	s
                        Solver loop time:                 	122 	s
                        Solver post-processing time:      	2 	s
                                                          	------------
                        Total solver time:                	158 	s  ( = 0 h, 2 m, 38 s )

                      ------------------------------------------------------------------------------
2025-01-11 18:28:50   
                        Total solver time (all cycles):      	158    	s  ( = 0 h, 2 m, 38 s )
                        Solver initialization and clean-up:  	2      	s
                                                             	------------
                        Total simulation time:               	160    	s  ( = 0 h, 2 m, 40 s )

                      ------------------------------------------------------------------------------
2025-01-11 18:28:50   Solver finished at: 2025-01-11 18:28:50 +0700



                      ------------------------------------------------------------------------------
2025-01-11 18:28:54   Creating parametric 1D results for Run ID 1

                      ------------------------------------------------------------------------------
