2025-01-22 22:43:59   Defined reference frequency for open boundary condition (425 MHz) is larger
                      than the lowest relevant system frequency (monitor at 400 MHz).
                      Please check the Settings for PML Boundary (Simulation > Settings > Boundary
                      Conditions > Open Boundary) to ensure accurate monitor results for the lowest
                      frequency of interest. More...

                      ------------------------------------------------------------------------------
2025-01-22 22:43:59   The following farfield monitor(s) have been adjusted to model box [-169.996,
                      169.996, -202.996, 402.996, -12.9955, 52.9955]:
                        farfield (f=400), farfield (f=433), farfield (f=450).
                      For further information please check the page "Special Solver Parameters -
                      Solver" in the Online Help.

                      ------------------------------------------------------------------------------
2025-01-22 22:43:59   
                      Solver started at: 2025-01-22 22:43:59 +0700

                        Module:  Time Domain: S-Parameter (Win 64)
                        Version: 2024.0 Release from 2023-09-01 (change 1164796)

2025-01-22 22:43:59   

                      ------------------------------------------------------------------------------
2025-01-22 22:43:59   

                      ------------------------------------------------------------------------------
2025-01-22 22:43:59   ======================================================================
                       Solver cycle: 1
                      ======================================================================

                      Stimulation at discrete port 1 



                      ------------------------------------------------------------------------------
2025-01-22 22:44:00   Units settings: 

                        Dimensions: mm
                        Frequency:  MHz
                        Time:       ns

                      ------------------------------------------------------------------------------
2025-01-22 22:44:00   The dispersive material update [Automatic] will be performed using the "Standard" update schema

                      ------------------------------------------------------------------------------
2025-01-22 22:44:26   The following discrete edge port is connected to metal material:
                      	1

                      ------------------------------------------------------------------------------
2025-01-22 22:44:27   Mesh statistics:

                         Hexahedral mesh type: Perfect Boundary Approximation (PBA)
                            Version: default

                         Parallelization type: domain decomposition
                            Number of parallel working threads: 14
                            Number of calculation domains used: 24

                         Used point accuracy enhancement value: 0.00%.
                         Acceleration mode: CPU
                         PBA fill limit: 93.77% (inverse)
2025-01-22 22:44:03      current system memory usage reached 60%
2025-01-22 22:44:04      current system memory usage reached 60%

2025-01-22 22:44:29   Boundary conditions: 

                        YZsymmetry: none
                        XZsymmetry: none
                        XYsymmetry: none

                        Xmin: expanded open, 4 Layer, depth 170.365 mm
                        Xmax: expanded open, 4 Layer, depth 170.365 mm

                        Ymin: expanded open, 4 Layer, depth 170.361 mm
                        Ymax: expanded open, 4 Layer, depth 170.361 mm

                        Zmin: expanded open, 4 Layer, depth 170.361 mm
                        Zmax: expanded open, 4 Layer, depth 170.361 mm

                        PML-Type: Convolution PML

                      ------------------------------------------------------------------------------
2025-01-22 22:44:29   Frequency settings: 

                        Fmin:         400
                        Fmax:         450
                        Nfsteps(lin): 1001

                      ------------------------------------------------------------------------------
2025-01-22 22:44:29   Field update statistics:

                        Number of components in total: 	2742298
                        Number of lossy metal components:	34094

                      Subcycling state:      			Automatically deactivated

                      ------------------------------------------------------------------------------
2025-01-22 22:44:29   Port: 1

2025-01-22 22:44:29     Discrete element, reference impedance = 50 Ohm

                      ------------------------------------------------------------------------------
2025-01-22 22:48:08   
                      --------------------------------------------------------------------------------
2025-01-22 22:48:08   Steady state energy criterion met, solver finished successfully.

                      ------------------------------------------------------------------------------
2025-01-22 22:48:08   Frequency domain results normalized to default signal.


                      ------------------------------------------------------------------------------
2025-01-22 22:48:08   
                        ----------------------------------------------------------------------------
                                            Peak memory used (kB)         Free physical memory (kB) 
                                                                          At begin     Minimum      
                        ----------------------------------------------------------------------------
                        CAD preparation     15680                         7239404      7239404      
                        Matrices calc.      510114                        7125000      6484375      
                        Solver run total    189064                        7257332      6645988      
                        ----------------------------------------------------------------------------

                      --------------------------------------------------------------------------------
                      Solver Statistics:

                        Hardware:
                           Computer name:                 	HANDY 

                           Number of CPU threads:               8
                           Hardware info:                  	Hardware Accelerator Device not activated

                        Number of mesh cells:             	447392
                        Excitation duration:              	1.42181950e+002 ns 
                        Calculation time for excitation:  	0 	s
                        Number of calculated pulse widths:	1.01345 
                        Steady state accuracy limit:      	-40	dB 
                        Simulated number of time steps:   	47970 
                        Maximum number of time steps:     	946665 
                        Time step width:
                           without subcycles:             	3.003848899e-003 ns
                           used:                          	3.003848899e-003 ns

                        CAD preparation time:             	0      	s
                        Matrix calculation time:          	27 	s
                        Solver setup time:                	4 	s
                        Solver loop time:                 	215 	s
                        Solver post-processing time:      	1 	s
                                                          	------------
                        Total solver time:                	247 	s  ( = 0 h, 4 m, 7 s )

                      ------------------------------------------------------------------------------
2025-01-22 22:48:08   
                        Total solver time (all cycles):      	247    	s  ( = 0 h, 4 m, 7 s )
                        Solver initialization and clean-up:  	1      	s
                                                             	------------
                        Total simulation time:               	248    	s  ( = 0 h, 4 m, 8 s )

                      ------------------------------------------------------------------------------
2025-01-22 22:48:08   Solver finished at: 2025-01-22 22:48:08 +0700



                      ------------------------------------------------------------------------------
2025-01-22 22:48:10   Creating parametric 1D results for Run ID 2

                      ------------------------------------------------------------------------------
