2025-01-11 18:44:03   Defined reference frequency for open boundary condition (450 MHz) is larger
                      than the lowest relevant system frequency (monitor at 400 MHz).
                      Please check the Settings for PML Boundary (Simulation > Settings > Boundary
                      Conditions > Open Boundary) to ensure accurate monitor results for the lowest
                      frequency of interest. More...

                      ------------------------------------------------------------------------------
2025-01-11 18:44:04   The following farfield monitor(s) have been adjusted to model box [-169.832,
                      169.832, -9.66331, 227.663, -9.66331, 9.66331]:
                        farfield (f=400), farfield (f=433), farfield (f=500).
                      For further information please check the page "Special Solver Parameters -
                      Solver" in the Online Help.

                      ------------------------------------------------------------------------------
2025-01-11 18:44:04   
                      Solver started at: 2025-01-11 18:44:04 +0700

                        Module:  Time Domain: S-Parameter (Win 64)
                        Version: 2024.0 Release from 2023-09-01 (change 1164796)

2025-01-11 18:44:04   

                      ------------------------------------------------------------------------------
2025-01-11 18:44:04   

                      ------------------------------------------------------------------------------
2025-01-11 18:44:04   ======================================================================
                       Solver cycle: 1
                      ======================================================================

                      Stimulation at discrete port 1 



                      ------------------------------------------------------------------------------
2025-01-11 18:44:04   Units settings: 

                        Dimensions: mm
                        Frequency:  MHz
                        Time:       ns

                      ------------------------------------------------------------------------------
2025-01-11 18:44:04   The dispersive material update [Automatic] will be performed using the "Standard" update schema

                      ------------------------------------------------------------------------------
2025-01-11 18:44:37   The following discrete edge port is connected to metal material:
                      	1

                      ------------------------------------------------------------------------------
2025-01-11 18:44:38   Mesh statistics:

                         Hexahedral mesh type: Perfect Boundary Approximation (PBA)
                            Version: default

                         Parallelization type: domain decomposition
                            Number of parallel working threads: 6
                            Number of calculation domains used: 8

                         Used point accuracy enhancement value: 0.00%.
                         Acceleration mode: CPU
                         PBA fill limit: 95.83% (inverse)
2025-01-11 18:44:10      current system memory usage reached 50%
2025-01-11 18:44:11      current system memory usage reached 50%

2025-01-11 18:44:41   Boundary conditions: 

                        YZsymmetry: none
                        XZsymmetry: none
                        XYsymmetry: none

                        Xmin: expanded open, 4 Layer, depth 143.633 mm
                        Xmax: expanded open, 4 Layer, depth 143.633 mm

                        Ymin: expanded open, 4 Layer, depth 134.548 mm
                        Ymax: expanded open, 4 Layer, depth 134.548 mm

                        Zmin: expanded open, 4 Layer, depth 134.548 mm
                        Zmax: expanded open, 4 Layer, depth 134.548 mm

                        PML-Type: Convolution PML

                      ------------------------------------------------------------------------------
2025-01-11 18:44:41   Frequency settings: 

                        Fmin:         400
                        Fmax:         500
                        Nfsteps(lin): 1001

                      ------------------------------------------------------------------------------
2025-01-11 18:44:42   Field update statistics:

                        Number of components in total: 	2128723
                        Number of lossy metal components:	25104

                      Subcycling state:      			Automatically deactivated

                      ------------------------------------------------------------------------------
2025-01-11 18:44:42   Port: 1

2025-01-11 18:44:42     Discrete element, reference impedance = 50 Ohm

                      ------------------------------------------------------------------------------
2025-01-11 18:47:12   
                      --------------------------------------------------------------------------------
2025-01-11 18:47:12   Steady state energy criterion met, solver finished successfully.

                      ------------------------------------------------------------------------------
2025-01-11 18:47:12   Frequency domain results normalized to default signal.


                      ------------------------------------------------------------------------------
2025-01-11 18:47:12   
                        ----------------------------------------------------------------------------
                                            Peak memory used (kB)         Free physical memory (kB) 
                                                                          At begin     Minimum      
                        ----------------------------------------------------------------------------
                        CAD preparation     15480                         8772272      8772272      
                        Matrices calc.      309167                        9044921      8379882      
                        Solver run total    176484                        8791152      8394240      
                        ----------------------------------------------------------------------------

                      --------------------------------------------------------------------------------
                      Solver Statistics:

                        Hardware:
                           Computer name:                 	HANDY 

                           Number of CPU threads:               8
                           Hardware info:                  	Hardware Accelerator Device not activated

                        Number of mesh cells:             	346560
                        Excitation duration:              	7.10909750e+001 ns 
                        Calculation time for excitation:  	144 	s
                        Number of calculated pulse widths:	1.00244 
                        Steady state accuracy limit:      	-40	dB 
                        Simulated number of time steps:   	40018 
                        Maximum number of time steps:     	798414 
                        Time step width:
                           without subcycles:             	1.780804390e-003 ns
                           used:                          	1.780804390e-003 ns

                        CAD preparation time:             	0      	s
                        Matrix calculation time:          	33 	s
                        Solver setup time:                	7 	s
                        Solver loop time:                 	145 	s
                        Solver post-processing time:      	2 	s
                                                          	------------
                        Total solver time:                	187 	s  ( = 0 h, 3 m, 7 s )

                      ------------------------------------------------------------------------------
2025-01-11 18:47:13   
                        Total solver time (all cycles):      	187    	s  ( = 0 h, 3 m, 7 s )
                        Solver initialization and clean-up:  	2      	s
                                                             	------------
                        Total simulation time:               	189    	s  ( = 0 h, 3 m, 9 s )

                      ------------------------------------------------------------------------------
2025-01-11 18:47:13   Solver finished at: 2025-01-11 18:47:13 +0700



                      ------------------------------------------------------------------------------
2025-01-11 18:47:16   Creating parametric 1D results for Run ID 2

                      ------------------------------------------------------------------------------
