2025-01-22 23:52:46   Defined reference frequency for open boundary condition (425 MHz) is larger
                      than the lowest relevant system frequency (monitor at 400 MHz).
                      Please check the Settings for PML Boundary (Simulation > Settings > Boundary
                      Conditions > Open Boundary) to ensure accurate monitor results for the lowest
                      frequency of interest. More...

                      ------------------------------------------------------------------------------
2025-01-22 23:52:47   The following farfield monitor(s) have been adjusted to model box [-170.803,
                      170.803, -259.803, 515.803, -13.8032, 53.8032]:
                        farfield (f=400), farfield (f=433), farfield (f=450).
                      For further information please check the page "Special Solver Parameters -
                      Solver" in the Online Help.

                      ------------------------------------------------------------------------------
2025-01-22 23:52:47   
                      Solver started at: 2025-01-22 23:52:47 +0700

                        Module:  Time Domain: S-Parameter (Win 64)
                        Version: 2024.0 Release from 2023-09-01 (change 1164796)

2025-01-22 23:52:47   

                      ------------------------------------------------------------------------------
2025-01-22 23:52:47   

                      ------------------------------------------------------------------------------
2025-01-22 23:52:47   ======================================================================
                       Solver cycle: 1
                      ======================================================================

                      Stimulation at discrete port 1 



                      ------------------------------------------------------------------------------
2025-01-22 23:52:47   Units settings: 

                        Dimensions: mm
                        Frequency:  MHz
                        Time:       ns

                      ------------------------------------------------------------------------------
2025-01-22 23:52:47   The dispersive material update [Automatic] will be performed using the "Standard" update schema

                      ------------------------------------------------------------------------------
2025-01-22 23:53:08   The following discrete edge port is connected to metal material:
                      	1

                      ------------------------------------------------------------------------------
2025-01-22 23:53:08   Mesh statistics:

                         Hexahedral mesh type: Perfect Boundary Approximation (PBA)
                            Version: default

                         Parallelization type: domain decomposition
                            Number of parallel working threads: 14
                            Number of calculation domains used: 16

                         Used point accuracy enhancement value: 0.00%.
                         Acceleration mode: CPU
2025-01-22 23:52:51      current system memory usage reached 55%
                         PBA fill limit: 94.52% (inverse)
2025-01-22 23:52:52      current system memory usage reached 55%
2025-01-22 23:52:53      current system memory usage reached 55%

2025-01-22 23:53:10   Boundary conditions: 

                        YZsymmetry: none
                        XZsymmetry: none
                        XYsymmetry: none

                        Xmin: expanded open, 4 Layer, depth 146.455 mm
                        Xmax: expanded open, 4 Layer, depth 146.455 mm

                        Ymin: expanded open, 4 Layer, depth 146.325 mm
                        Ymax: expanded open, 4 Layer, depth 146.325 mm

                        Zmin: expanded open, 4 Layer, depth 146.325 mm
                        Zmax: expanded open, 4 Layer, depth 146.325 mm

                        PML-Type: Convolution PML

                      ------------------------------------------------------------------------------
2025-01-22 23:53:10   Frequency settings: 

                        Fmin:         400
                        Fmax:         450
                        Nfsteps(lin): 1001

                      ------------------------------------------------------------------------------
2025-01-22 23:53:10   Field update statistics:

                        Number of components in total: 	2541905
                        Number of lossy metal components:	34880

                      Subcycling state:      			Automatically deactivated

                      ------------------------------------------------------------------------------
2025-01-22 23:53:10   Port: 1

2025-01-22 23:53:10     Discrete element, reference impedance = 50 Ohm

                      ------------------------------------------------------------------------------
2025-01-22 23:58:27   
                      --------------------------------------------------------------------------------
2025-01-22 23:58:27   Steady state energy criterion met, solver finished successfully.

                      ------------------------------------------------------------------------------
2025-01-22 23:58:27   Frequency domain results normalized to default signal.


                      ------------------------------------------------------------------------------
2025-01-22 23:58:27   
                        ----------------------------------------------------------------------------
                                            Peak memory used (kB)         Free physical memory (kB) 
                                                                          At begin     Minimum      
                        ----------------------------------------------------------------------------
                        CAD preparation     15648                         8326424      8326424      
                        Matrices calc.      645941                        7125000      6484375      
                        Solver run total    184668                        8350256      7739276      
                        ----------------------------------------------------------------------------

                      --------------------------------------------------------------------------------
                      Solver Statistics:

                        Hardware:
                           Computer name:                 	HANDY 

                           Number of CPU threads:               8
                           Hardware info:                  	Hardware Accelerator Device not activated

                        Number of mesh cells:             	414288
                        Excitation duration:              	1.42181950e+002 ns 
                        Calculation time for excitation:  	0 	s
                        Number of calculated pulse widths:	1.64228 
                        Steady state accuracy limit:      	-40	dB 
                        Simulated number of time steps:   	73628 
                        Maximum number of time steps:     	896654 
                        Time step width:
                           without subcycles:             	3.171388142e-003 ns
                           used:                          	3.171388142e-003 ns

                        CAD preparation time:             	0      	s
                        Matrix calculation time:          	21 	s
                        Solver setup time:                	4 	s
                        Solver loop time:                 	313 	s
                        Solver post-processing time:      	1 	s
                                                          	------------
                        Total solver time:                	339 	s  ( = 0 h, 5 m, 39 s )

                      ------------------------------------------------------------------------------
2025-01-22 23:58:28   
                        Total solver time (all cycles):      	339    	s  ( = 0 h, 5 m, 39 s )
                        Solver initialization and clean-up:  	1      	s
                                                             	------------
                        Total simulation time:               	340    	s  ( = 0 h, 5 m, 40 s )

                      ------------------------------------------------------------------------------
2025-01-22 23:58:28   Solver finished at: 2025-01-22 23:58:28 +0700



                      ------------------------------------------------------------------------------
2025-01-22 23:58:29   Creating parametric 1D results for Run ID 2

                      ------------------------------------------------------------------------------
