2025-01-22 23:30:43   Defined reference frequency for open boundary condition (425 MHz) is larger
                      than the lowest relevant system frequency (monitor at 400 MHz).
                      Please check the Settings for PML Boundary (Simulation > Settings > Boundary
                      Conditions > Open Boundary) to ensure accurate monitor results for the lowest
                      frequency of interest. More...

                      ------------------------------------------------------------------------------
2025-01-22 23:30:43   The following farfield monitor(s) have been adjusted to model box [-170.803,
                      170.803, -259.803, 515.803, -13.8032, 53.8032]:
                        farfield (f=400), farfield (f=433), farfield (f=450).
                      For further information please check the page "Special Solver Parameters -
                      Solver" in the Online Help.

                      ------------------------------------------------------------------------------
2025-01-22 23:30:44   
                      Solver started at: 2025-01-22 23:30:44 +0700

                        Module:  Time Domain: S-Parameter (Win 64)
                        Version: 2024.0 Release from 2023-09-01 (change 1164796)

2025-01-22 23:30:44   

                      ------------------------------------------------------------------------------
2025-01-22 23:30:44   

                      ------------------------------------------------------------------------------
2025-01-22 23:30:44   ======================================================================
                       Solver cycle: 1
                      ======================================================================

                      Stimulation at discrete port 1 



                      ------------------------------------------------------------------------------
2025-01-22 23:30:44   Units settings: 

                        Dimensions: mm
                        Frequency:  MHz
                        Time:       ns

                      ------------------------------------------------------------------------------
2025-01-22 23:30:44   The dispersive material update [Automatic] will be performed using the "Standard" update schema

                      ------------------------------------------------------------------------------
2025-01-22 23:31:11   The following discrete edge port is connected to metal material:
                      	1

                      ------------------------------------------------------------------------------
2025-01-22 23:31:12   Mesh statistics:

                         Hexahedral mesh type: Perfect Boundary Approximation (PBA)
                            Version: default

                         Parallelization type: domain decomposition
                            Number of parallel working threads: 14
                            Number of calculation domains used: 24

                         Used point accuracy enhancement value: 0.00%.
                         Acceleration mode: CPU
                         PBA fill limit: 92.28% (inverse)
2025-01-22 23:30:46      current system memory usage reached 55%

2025-01-22 23:31:14   Boundary conditions: 

                        YZsymmetry: none
                        XZsymmetry: none
                        XYsymmetry: none

                        Xmin: expanded open, 4 Layer, depth 146.455 mm
                        Xmax: expanded open, 4 Layer, depth 146.455 mm

                        Ymin: expanded open, 4 Layer, depth 146.325 mm
                        Ymax: expanded open, 4 Layer, depth 146.325 mm

                        Zmin: expanded open, 4 Layer, depth 146.325 mm
                        Zmax: expanded open, 4 Layer, depth 146.325 mm

                        PML-Type: Convolution PML

                      ------------------------------------------------------------------------------
2025-01-22 23:31:14   Frequency settings: 

                        Fmin:         400
                        Fmax:         450
                        Nfsteps(lin): 1001

                      ------------------------------------------------------------------------------
2025-01-22 23:31:14   Field update statistics:

                        Number of components in total: 	3173021
                        Number of lossy metal components:	41144

                      Subcycling state:      			Automatically deactivated

                      ------------------------------------------------------------------------------
2025-01-22 23:31:14   Port: 1

2025-01-22 23:31:14     Discrete element, reference impedance = 50 Ohm

                      ------------------------------------------------------------------------------
2025-01-22 23:42:00   
                      --------------------------------------------------------------------------------
2025-01-22 23:42:00   Steady state energy criterion met, solver finished successfully.

                      ------------------------------------------------------------------------------
2025-01-22 23:42:00   Frequency domain results normalized to default signal.


                      ------------------------------------------------------------------------------
2025-01-22 23:42:00   
                        ----------------------------------------------------------------------------
                                            Peak memory used (kB)         Free physical memory (kB) 
                                                                          At begin     Minimum      
                        ----------------------------------------------------------------------------
                        CAD preparation     15624                         7806668      7806668      
                        Matrices calc.      547021                        7125000      6484375      
                        Solver run total    235288                        7830660      7180568      
                        ----------------------------------------------------------------------------

                      --------------------------------------------------------------------------------
                      Solver Statistics:

                        Hardware:
                           Computer name:                 	HANDY 

                           Number of CPU threads:               8
                           Hardware info:                  	Hardware Accelerator Device not activated

                        Number of mesh cells:             	517860
                        Excitation duration:              	1.42181950e+002 ns 
                        Calculation time for excitation:  	0 	s
                        Number of calculated pulse widths:	3.08437 
                        Steady state accuracy limit:      	-40	dB 
                        Simulated number of time steps:   	126309 
                        Maximum number of time steps:     	819026 
                        Time step width:
                           without subcycles:             	3.471975876e-003 ns
                           used:                          	3.471975876e-003 ns

                        CAD preparation time:             	0      	s
                        Matrix calculation time:          	28 	s
                        Solver setup time:                	3 	s
                        Solver loop time:                 	642 	s
                        Solver post-processing time:      	1 	s
                                                          	------------
                        Total solver time:                	674 	s  ( = 0 h, 11 m, 14 s )

                      ------------------------------------------------------------------------------
2025-01-22 23:42:00   
                        Total solver time (all cycles):      	674    	s  ( = 0 h, 11 m, 14 s )
                        Solver initialization and clean-up:  	2      	s
                                                             	------------
                        Total simulation time:               	676    	s  ( = 0 h, 11 m, 16 s )

                      ------------------------------------------------------------------------------
2025-01-22 23:42:00   Solver finished at: 2025-01-22 23:42:00 +0700



                      ------------------------------------------------------------------------------
2025-01-22 23:42:02   Creating parametric 1D results for Run ID 1

                      ------------------------------------------------------------------------------
