2025-01-23 13:16:59   Defined reference frequency for open boundary condition (425 MHz) is larger
                      than the lowest relevant system frequency (monitor at 400 MHz).
                      Please check the Settings for PML Boundary (Simulation > Settings > Boundary
                      Conditions > Open Boundary) to ensure accurate monitor results for the lowest
                      frequency of interest. More...

                      ------------------------------------------------------------------------------
2025-01-23 13:17:00   The following farfield monitor(s) have been adjusted to model box [-182.056,
                      182.056, -410.928, 817.428, -14.4276, 56.4276]:
                        farfield (f=400), farfield (f=433), farfield (f=450).
                      For further information please check the page "Special Solver Parameters -
                      Solver" in the Online Help.

                      ------------------------------------------------------------------------------
2025-01-23 13:17:01   
                      Solver started at: 2025-01-23 13:17:01 +0700

                        Module:  Time Domain: S-Parameter (Win 64)
                        Version: 2024.0 Release from 2023-09-01 (change 1164796)

2025-01-23 13:17:01   

                      ------------------------------------------------------------------------------
2025-01-23 13:17:01   

                      ------------------------------------------------------------------------------
2025-01-23 13:17:01   ======================================================================
                       Solver cycle: 1
                      ======================================================================

                      Stimulation at discrete port 1 



                      ------------------------------------------------------------------------------
2025-01-23 13:17:01   Units settings: 

                        Dimensions: mm
                        Frequency:  MHz
                        Time:       ns

                      ------------------------------------------------------------------------------
2025-01-23 13:17:01   The dispersive material update [Automatic] will be performed using the "Standard" update schema

                      ------------------------------------------------------------------------------
2025-01-23 13:19:09   The following discrete edge port is connected to metal material:
                      	1

                      ------------------------------------------------------------------------------
2025-01-23 13:19:10   Mesh statistics:

                         Hexahedral mesh type: Perfect Boundary Approximation (PBA)
                            Version: default

                         Parallelization type: domain decomposition
                            Number of parallel working threads: 14
                            Number of calculation domains used: 20

                         Used point accuracy enhancement value: 0.00%.
                         Acceleration mode: CPU
                         PBA fill limit: 92.84% (inverse)
2025-01-23 13:17:56      current system memory usage reached 50%

2025-01-23 13:19:15   Boundary conditions: 

                        YZsymmetry: none
                        XZsymmetry: none
                        XYsymmetry: none

                        Xmin: expanded open, 4 Layer, depth 168.026 mm
                        Xmax: expanded open, 4 Layer, depth 168.026 mm

                        Ymin: expanded open, 4 Layer, depth 167.735 mm
                        Ymax: expanded open, 4 Layer, depth 167.735 mm

                        Zmin: expanded open, 4 Layer, depth 167.735 mm
                        Zmax: expanded open, 4 Layer, depth 167.735 mm

                        PML-Type: Convolution PML

                      ------------------------------------------------------------------------------
2025-01-23 13:19:15   Frequency settings: 

                        Fmin:         400
                        Fmax:         450
                        Nfsteps(lin): 1001

                      ------------------------------------------------------------------------------
2025-01-23 13:19:16   Field update statistics:

                        Number of components in total: 	3005710
                        Number of lossy metal components:	31444

                      Subcycling state:      			Automatically deactivated

                      ------------------------------------------------------------------------------
2025-01-23 13:19:16   Port: 1

2025-01-23 13:19:16     Discrete element, reference impedance = 50 Ohm

                      ------------------------------------------------------------------------------
2025-01-23 13:25:45   
                      --------------------------------------------------------------------------------
2025-01-23 13:25:45   Steady state energy criterion met, solver finished successfully.

                      ------------------------------------------------------------------------------
2025-01-23 13:25:45   Frequency domain results normalized to default signal.


                      ------------------------------------------------------------------------------
2025-01-23 13:25:45   
                        ----------------------------------------------------------------------------
                                            Peak memory used (kB)         Free physical memory (kB) 
                                                                          At begin     Minimum      
                        ----------------------------------------------------------------------------
                        CAD preparation     15560                         8724068      8724068      
                        Matrices calc.      646504                        7125000      6484375      
                        Solver run total    200892                        8744904      8062504      
                        ----------------------------------------------------------------------------

                      --------------------------------------------------------------------------------
                      Solver Statistics:

                        Hardware:
                           Computer name:                 	HANDY 

                           Number of CPU threads:               8
                           Hardware info:                  	Hardware Accelerator Device not activated

                        Number of mesh cells:             	489600
                        Excitation duration:              	1.42181950e+002 ns 
                        Calculation time for excitation:  	382 	s
                        Number of calculated pulse widths:	1.00755 
                        Steady state accuracy limit:      	-40	dB 
                        Simulated number of time steps:   	33174 
                        Maximum number of time steps:     	658505 
                        Time step width:
                           without subcycles:             	4.318324661e-003 ns
                           used:                          	4.318324661e-003 ns

                        CAD preparation time:             	1      	s
                        Matrix calculation time:          	128 	s
                        Solver setup time:                	9 	s
                        Solver loop time:                 	383 	s
                        Solver post-processing time:      	1 	s
                                                          	------------
                        Total solver time:                	522 	s  ( = 0 h, 8 m, 42 s )

                      ------------------------------------------------------------------------------
2025-01-23 13:25:46   
                        Total solver time (all cycles):      	522    	s  ( = 0 h, 8 m, 42 s )
                        Solver initialization and clean-up:  	3      	s
                                                             	------------
                        Total simulation time:               	525    	s  ( = 0 h, 8 m, 45 s )

                      ------------------------------------------------------------------------------
2025-01-23 13:25:46   Solver finished at: 2025-01-23 13:25:46 +0700



                      ------------------------------------------------------------------------------
2025-01-23 13:25:47   Creating parametric 1D results for Run ID 3

                      ------------------------------------------------------------------------------
