2025-01-23 01:21:39   Defined reference frequency for open boundary condition (450 MHz) is larger
                      than the lowest relevant system frequency (monitor at 400 MHz).
                      Please check the Settings for PML Boundary (Simulation > Settings > Boundary
                      Conditions > Open Boundary) to ensure accurate monitor results for the lowest
                      frequency of interest. More...

                      ------------------------------------------------------------------------------
2025-01-23 01:21:39   The following farfield monitor(s) have been adjusted to model box [-173.741,
                      173.741, -101.741, 251.741, -26.7415, 6.74147]:
                        farfield (f=400), farfield (f=433), farfield (f=500).
                      For further information please check the page "Special Solver Parameters -
                      Solver" in the Online Help.

                      ------------------------------------------------------------------------------
2025-01-23 01:21:39   
                      Solver started at: 2025-01-23 01:21:39 +0700

                        Module:  Time Domain: S-Parameter (Win 64)
                        Version: 2024.0 Release from 2023-09-01 (change 1164796)

2025-01-23 01:21:39   

                      ------------------------------------------------------------------------------
2025-01-23 01:21:39   

                      ------------------------------------------------------------------------------
2025-01-23 01:21:39   ======================================================================
                       Solver cycle: 1
                      ======================================================================

                      Stimulation at discrete port 1 



                      ------------------------------------------------------------------------------
2025-01-23 01:21:39   Units settings: 

                        Dimensions: mm
                        Frequency:  MHz
                        Time:       ns

                      ------------------------------------------------------------------------------
2025-01-23 01:21:39   The dispersive material update [Automatic] will be performed using the "Standard" update schema

                      ------------------------------------------------------------------------------
2025-01-23 01:22:10   The following discrete edge port is connected to metal material:
                      	1

                      ------------------------------------------------------------------------------
2025-01-23 01:22:11   Mesh statistics:

                         Hexahedral mesh type: Perfect Boundary Approximation (PBA)
                            Version: default

                         Parallelization type: domain decomposition
                            Number of parallel working threads: 14
                            Number of calculation domains used: 32

                         Used point accuracy enhancement value: 0.00%.
                         Acceleration mode: CPU
                         PBA fill limit: 92.47% (inverse)
2025-01-23 01:21:45      current system memory usage reached 55%
2025-01-23 01:21:42      current system memory usage reached 55%

2025-01-23 01:22:13   Boundary conditions: 

                        YZsymmetry: none
                        XZsymmetry: none
                        XYsymmetry: none

                        Xmin: expanded open, 4 Layer, depth 131.248 mm
                        Xmax: expanded open, 4 Layer, depth 131.248 mm

                        Ymin: expanded open, 4 Layer, depth 131.196 mm
                        Ymax: expanded open, 4 Layer, depth 131.196 mm

                        Zmin: expanded open, 4 Layer, depth 131.196 mm
                        Zmax: expanded open, 4 Layer, depth 131.196 mm

                        PML-Type: Convolution PML

                      ------------------------------------------------------------------------------
2025-01-23 01:22:13   Frequency settings: 

                        Fmin:         400
                        Fmax:         500
                        Nfsteps(lin): 1001

                      ------------------------------------------------------------------------------
2025-01-23 01:22:13   Field update statistics:

                        Number of components in total: 	3119021
                        Number of lossy metal components:	25012

                      Subcycling state:      			Automatically deactivated

                      ------------------------------------------------------------------------------
2025-01-23 01:22:13   Port: 1

2025-01-23 01:22:13     Discrete element, reference impedance = 50 Ohm

                      ------------------------------------------------------------------------------
2025-01-23 01:26:27   
                      --------------------------------------------------------------------------------
2025-01-23 01:26:27   Steady state energy criterion met, solver finished successfully.

                      ------------------------------------------------------------------------------
2025-01-23 01:26:27   Frequency domain results normalized to default signal.


                      ------------------------------------------------------------------------------
2025-01-23 01:26:27   
                        ----------------------------------------------------------------------------
                                            Peak memory used (kB)         Free physical memory (kB) 
                                                                          At begin     Minimum      
                        ----------------------------------------------------------------------------
                        CAD preparation     15692                         7964800      7964800      
                        Matrices calc.      416949                        8891601      7394531      
                        Solver run total    196892                        7988736      7402008      
                        ----------------------------------------------------------------------------

                      --------------------------------------------------------------------------------
                      Solver Statistics:

                        Hardware:
                           Computer name:                 	HANDY 

                           Number of CPU threads:               8
                           Hardware info:                  	Hardware Accelerator Device not activated

                        Number of mesh cells:             	509404
                        Excitation duration:              	7.10909750e+001 ns 
                        Calculation time for excitation:  	0 	s
                        Number of calculated pulse widths:	1.05806 
                        Steady state accuracy limit:      	-40	dB 
                        Simulated number of time steps:   	44522 
                        Maximum number of time steps:     	841578 
                        Time step width:
                           without subcycles:             	1.689468317e-003 ns
                           used:                          	1.689468317e-003 ns

                        CAD preparation time:             	0      	s
                        Matrix calculation time:          	31 	s
                        Solver setup time:                	3 	s
                        Solver loop time:                 	250 	s
                        Solver post-processing time:      	2 	s
                                                          	------------
                        Total solver time:                	286 	s  ( = 0 h, 4 m, 46 s )

                      ------------------------------------------------------------------------------
2025-01-23 01:26:28   
                        Total solver time (all cycles):      	286    	s  ( = 0 h, 4 m, 46 s )
                        Solver initialization and clean-up:  	3      	s
                                                             	------------
                        Total simulation time:               	289    	s  ( = 0 h, 4 m, 49 s )

                      ------------------------------------------------------------------------------
2025-01-23 01:26:28   Solver finished at: 2025-01-23 01:26:28 +0700



                      ------------------------------------------------------------------------------
2025-01-23 01:26:32   Creating parametric 1D results for Run ID 1

                      ------------------------------------------------------------------------------
