2025-01-22 22:37:23   Defined reference frequency for open boundary condition (425 MHz) is larger
                      than the lowest relevant system frequency (monitor at 400 MHz).
                      Please check the Settings for PML Boundary (Simulation > Settings > Boundary
                      Conditions > Open Boundary) to ensure accurate monitor results for the lowest
                      frequency of interest. More...

                      ------------------------------------------------------------------------------
2025-01-22 22:37:23   The following farfield monitor(s) have been adjusted to model box [-169.996,
                      169.996, -202.996, 402.996, -12.9955, 52.9955]:
                        farfield (f=400), farfield (f=433), farfield (f=450).
                      For further information please check the page "Special Solver Parameters -
                      Solver" in the Online Help.

                      ------------------------------------------------------------------------------
2025-01-22 22:37:23   
                      Solver started at: 2025-01-22 22:37:23 +0700

                        Module:  Time Domain: S-Parameter (Win 64)
                        Version: 2024.0 Release from 2023-09-01 (change 1164796)

2025-01-22 22:37:23   

                      ------------------------------------------------------------------------------
2025-01-22 22:37:23   

                      ------------------------------------------------------------------------------
2025-01-22 22:37:23   ======================================================================
                       Solver cycle: 1
                      ======================================================================

                      Stimulation at discrete port 1 



                      ------------------------------------------------------------------------------
2025-01-22 22:37:23   Units settings: 

                        Dimensions: mm
                        Frequency:  MHz
                        Time:       ns

                      ------------------------------------------------------------------------------
2025-01-22 22:37:23   The dispersive material update [Automatic] will be performed using the "Standard" update schema

                      ------------------------------------------------------------------------------
2025-01-22 22:37:30   Mesh statistics:

                         Hexahedral mesh type: Perfect Boundary Approximation (PBA)
                            Version: default

                         Parallelization type: none

2025-01-22 22:37:24      current system memory usage reached 55%
                         Used point accuracy enhancement value: 0.00%.

2025-01-22 22:37:30   
                      --------------------------------------------------------------------------------
2025-01-22 22:37:30   *** Warning ***

2025-01-22 22:37:30   Solver run aborted.

                      ------------------------------------------------------------------------------
2025-01-22 22:37:30   Frequency domain results unnormalized.


                      ------------------------------------------------------------------------------
2025-01-22 22:37:30   
                        ----------------------------------------------------------------------------
                                            Peak memory used (kB)         Free physical memory (kB) 
                                                                          At begin     Minimum      
                        ----------------------------------------------------------------------------
                        Matrices calc.      0                             0            0            
                        Solver run total    27260                         7154016      6853804      
                        ----------------------------------------------------------------------------

                      --------------------------------------------------------------------------------
                      Solver Statistics:

                        Hardware:
                           Computer name:                 	HANDY 

                           Number of CPU threads:               8
                           Hardware info:                  	Hardware Accelerator Device not activated

                        Number of mesh cells:             	447392
                        Excitation duration:              	0.00000000e+000 ns 
                        Calculation time for excitation:  	0 	s
                        Number of calculated pulse widths:	0 
                        Simulated number of time steps:   	0 
                        Maximum number of time steps:     	0 
                        Time step width:
                           without subcycles:             	0.000000000e+000 ns
                           used:                          	0.000000000e+000 ns

                        Matrix calculation time:          	0 	s
                        Solver setup time:                	0 	s
                        Solver loop time:                 	0 	s
                        Solver post-processing time:      	0 	s
                                                          	------------
                        Total solver time:                	0 	s

                      ------------------------------------------------------------------------------
2025-01-22 22:37:30   
                        Total solver time (all cycles):      	0      	s
                        Solver initialization and clean-up:  	7      	s
                                                             	------------
                        Total simulation time:               	7      	s

                      ------------------------------------------------------------------------------
2025-01-22 22:37:30   Solver finished at: 2025-01-22 22:37:30 +0700



                      ------------------------------------------------------------------------------
2025-01-22 22:37:54   Defined reference frequency for open boundary condition (425 MHz) is larger
                      than the lowest relevant system frequency (monitor at 400 MHz).
                      Please check the Settings for PML Boundary (Simulation > Settings > Boundary
                      Conditions > Open Boundary) to ensure accurate monitor results for the lowest
                      frequency of interest. More...

                      ------------------------------------------------------------------------------
2025-01-22 22:37:54   The following farfield monitor(s) have been adjusted to model box [-169.996,
                      169.996, -202.996, 402.996, -12.9955, 52.9955]:
                        farfield (f=400), farfield (f=433), farfield (f=450).
                      For further information please check the page "Special Solver Parameters -
                      Solver" in the Online Help.

                      ------------------------------------------------------------------------------
2025-01-22 22:37:55   
                      Solver started at: 2025-01-22 22:37:55 +0700

                        Module:  Time Domain: S-Parameter (Win 64)
                        Version: 2024.0 Release from 2023-09-01 (change 1164796)

2025-01-22 22:37:55   

                      ------------------------------------------------------------------------------
2025-01-22 22:37:55   

                      ------------------------------------------------------------------------------
2025-01-22 22:37:55   ======================================================================
                       Solver cycle: 1
                      ======================================================================

                      Stimulation at discrete port 1 



                      ------------------------------------------------------------------------------
2025-01-22 22:37:55   Units settings: 

                        Dimensions: mm
                        Frequency:  MHz
                        Time:       ns

                      ------------------------------------------------------------------------------
2025-01-22 22:37:55   The dispersive material update [Automatic] will be performed using the "Standard" update schema

                      ------------------------------------------------------------------------------
2025-01-22 22:38:22   The following discrete edge port is connected to metal material:
                      	1

                      ------------------------------------------------------------------------------
2025-01-22 22:38:22   Mesh statistics:

                         Hexahedral mesh type: Perfect Boundary Approximation (PBA)
                            Version: default

                         Parallelization type: domain decomposition
                            Number of parallel working threads: 14
                            Number of calculation domains used: 24

2025-01-22 22:37:24      current system memory usage reached 55%
                         Used point accuracy enhancement value: 0.00%.
                         Acceleration mode: CPU
                         PBA fill limit: 93.77% (inverse)
2025-01-22 22:37:57      current system memory usage reached 60%
2025-01-22 22:37:58      current system memory usage reached 60%

2025-01-22 22:38:24   Boundary conditions: 

                        YZsymmetry: none
                        XZsymmetry: none
                        XYsymmetry: none

                        Xmin: expanded open, 4 Layer, depth 170.365 mm
                        Xmax: expanded open, 4 Layer, depth 170.365 mm

                        Ymin: expanded open, 4 Layer, depth 170.361 mm
                        Ymax: expanded open, 4 Layer, depth 170.361 mm

                        Zmin: expanded open, 4 Layer, depth 170.361 mm
                        Zmax: expanded open, 4 Layer, depth 170.361 mm

                        PML-Type: Convolution PML

                      ------------------------------------------------------------------------------
2025-01-22 22:38:24   Frequency settings: 

                        Fmin:         400
                        Fmax:         450
                        Nfsteps(lin): 1001

                      ------------------------------------------------------------------------------
2025-01-22 22:38:24   Field update statistics:

                        Number of components in total: 	2742298
                        Number of lossy metal components:	34250

                      Subcycling state:      			Automatically deactivated

                      ------------------------------------------------------------------------------
2025-01-22 22:38:24   Port: 1

2025-01-22 22:38:24     Discrete element, reference impedance = 50 Ohm

                      ------------------------------------------------------------------------------
2025-01-22 22:41:58   
                      --------------------------------------------------------------------------------
2025-01-22 22:41:58   Steady state energy criterion met, solver finished successfully.

                      ------------------------------------------------------------------------------
2025-01-22 22:41:58   Frequency domain results normalized to default signal.


                      ------------------------------------------------------------------------------
2025-01-22 22:41:58   
                        ----------------------------------------------------------------------------
                                            Peak memory used (kB)         Free physical memory (kB) 
                                                                          At begin     Minimum      
                        ----------------------------------------------------------------------------
                        Matrices calc.      510114                        7125000      6484375      
                        Solver run total    189168                        7162080      6558528      
                        ----------------------------------------------------------------------------

                      --------------------------------------------------------------------------------
                      Solver Statistics:

                        Hardware:
                           Computer name:                 	HANDY 

                           Number of CPU threads:               8
                           Hardware info:                  	Hardware Accelerator Device not activated

                        Number of mesh cells:             	447392
                        Excitation duration:              	1.42181950e+002 ns 
                        Calculation time for excitation:  	0 	s
                        Number of calculated pulse widths:	1.00375 
                        Steady state accuracy limit:      	-40	dB 
                        Simulated number of time steps:   	49215 
                        Maximum number of time steps:     	980623 
                        Time step width:
                           without subcycles:             	2.899826173e-003 ns
                           used:                          	2.899826173e-003 ns

                        Matrix calculation time:          	27 	s
                        Solver setup time:                	3 	s
                        Solver loop time:                 	210 	s
                        Solver post-processing time:      	1 	s
                                                          	------------
                        Total solver time:                	241 	s  ( = 0 h, 4 m, 1 s )

                      ------------------------------------------------------------------------------
2025-01-22 22:41:58   
                        Total solver time (all cycles):      	241    	s  ( = 0 h, 4 m, 1 s )
                        Solver initialization and clean-up:  	2      	s
                                                             	------------
                        Total simulation time:               	243    	s  ( = 0 h, 4 m, 3 s )

                      ------------------------------------------------------------------------------
2025-01-22 22:41:58   Solver finished at: 2025-01-22 22:41:58 +0700



                      ------------------------------------------------------------------------------
2025-01-22 22:42:00   Creating parametric 1D results for Run ID 1

                      ------------------------------------------------------------------------------
